[0.325s] DEBUG:colcon:Command line arguments: ['/usr/bin/colcon', 'build']
[0.325s] DEBUG:colcon:Parsed command line arguments: Namespace(log_base=None, log_level=None, verb_name='build', build_base='build', install_base='install', merge_install=False, symlink_install=False, test_result_base=None, continue_on_error=False, executor='parallel', parallel_workers=12, event_handlers=None, ignore_user_meta=False, metas=['./colcon.meta'], base_paths=['.'], packages_ignore=None, packages_ignore_regex=None, paths=None, packages_up_to=None, packages_up_to_regex=None, packages_above=None, packages_above_and_dependencies=None, packages_above_depth=None, packages_select_by_dep=None, packages_skip_by_dep=None, packages_skip_up_to=None, packages_select_build_failed=False, packages_skip_build_finished=False, packages_select_test_failures=False, packages_skip_test_passed=False, packages_select=None, packages_skip=None, packages_select_regex=None, packages_skip_regex=None, packages_start=None, packages_end=None, allow_overriding=[], cmake_args=None, cmake_target=None, cmake_target_skip_unavailable=False, cmake_clean_cache=False, cmake_clean_first=False, cmake_force_configure=False, ament_cmake_args=None, catkin_cmake_args=None, catkin_skip_building_tests=False, mixin_files=None, mixin=None, verb_parser=<colcon_mixin.mixin.mixin_argument.MixinArgumentDecorator object at 0x750e81b72f50>, verb_extension=<colcon_core.verb.build.BuildVerb object at 0x750e81b72a10>, main=<bound method BuildVerb.main of <colcon_core.verb.build.BuildVerb object at 0x750e81b72a10>>, mixin_verb=('build',))
[0.724s] Level 1:colcon.colcon_core.package_discovery:discover_packages(colcon_meta) check parameters
[0.724s] Level 1:colcon.colcon_core.package_discovery:discover_packages(recursive) check parameters
[0.724s] Level 1:colcon.colcon_core.package_discovery:discover_packages(ignore) check parameters
[0.724s] Level 1:colcon.colcon_core.package_discovery:discover_packages(path) check parameters
[0.724s] Level 1:colcon.colcon_core.package_discovery:discover_packages(colcon_meta) discover
[0.724s] Level 1:colcon.colcon_core.package_discovery:discover_packages(recursive) discover
[0.725s] INFO:colcon.colcon_core.package_discovery:Crawling recursively for packages in '/home/kaushik/Ackerman_robot'
[0.725s] Level 1:colcon.colcon_core.package_identification:_identify(.) by extensions ['ignore', 'ignore_ament_install']
[0.725s] Level 1:colcon.colcon_core.package_identification:_identify(.) by extension 'ignore'
[0.725s] Level 1:colcon.colcon_core.package_identification:_identify(.) by extension 'ignore_ament_install'
[0.725s] Level 1:colcon.colcon_core.package_identification:_identify(.) by extensions ['colcon_pkg']
[0.725s] Level 1:colcon.colcon_core.package_identification:_identify(.) by extension 'colcon_pkg'
[0.725s] Level 1:colcon.colcon_core.package_identification:_identify(.) by extensions ['colcon_meta']
[0.725s] Level 1:colcon.colcon_core.package_identification:_identify(.) by extension 'colcon_meta'
[0.725s] Level 1:colcon.colcon_core.package_identification:_identify(.) by extensions ['ros']
[0.725s] Level 1:colcon.colcon_core.package_identification:_identify(.) by extension 'ros'
[0.750s] Level 1:colcon.colcon_core.package_identification:_identify(.) by extensions ['cmake', 'python']
[0.750s] Level 1:colcon.colcon_core.package_identification:_identify(.) by extension 'cmake'
[0.750s] Level 1:colcon.colcon_core.package_identification:_identify(.) by extension 'python'
[0.750s] Level 1:colcon.colcon_core.package_identification:_identify(.) by extensions ['python_setup_py']
[0.750s] Level 1:colcon.colcon_core.package_identification:_identify(.) by extension 'python_setup_py'
[0.751s] Level 1:colcon.colcon_core.package_identification:_identify(build) by extensions ['ignore', 'ignore_ament_install']
[0.751s] Level 1:colcon.colcon_core.package_identification:_identify(build) by extension 'ignore'
[0.751s] Level 1:colcon.colcon_core.package_identification:_identify(build) ignored
[0.751s] Level 1:colcon.colcon_core.package_identification:_identify(install) by extensions ['ignore', 'ignore_ament_install']
[0.751s] Level 1:colcon.colcon_core.package_identification:_identify(install) by extension 'ignore'
[0.751s] Level 1:colcon.colcon_core.package_identification:_identify(install) ignored
[0.752s] Level 1:colcon.colcon_core.package_identification:_identify(log) by extensions ['ignore', 'ignore_ament_install']
[0.752s] Level 1:colcon.colcon_core.package_identification:_identify(log) by extension 'ignore'
[0.752s] Level 1:colcon.colcon_core.package_identification:_identify(log) ignored
[0.752s] Level 1:colcon.colcon_core.package_identification:_identify(src) by extensions ['ignore', 'ignore_ament_install']
[0.752s] Level 1:colcon.colcon_core.package_identification:_identify(src) by extension 'ignore'
[0.752s] Level 1:colcon.colcon_core.package_identification:_identify(src) by extension 'ignore_ament_install'
[0.752s] Level 1:colcon.colcon_core.package_identification:_identify(src) by extensions ['colcon_pkg']
[0.752s] Level 1:colcon.colcon_core.package_identification:_identify(src) by extension 'colcon_pkg'
[0.752s] Level 1:colcon.colcon_core.package_identification:_identify(src) by extensions ['colcon_meta']
[0.752s] Level 1:colcon.colcon_core.package_identification:_identify(src) by extension 'colcon_meta'
[0.752s] Level 1:colcon.colcon_core.package_identification:_identify(src) by extensions ['ros']
[0.752s] Level 1:colcon.colcon_core.package_identification:_identify(src) by extension 'ros'
[0.753s] Level 1:colcon.colcon_core.package_identification:_identify(src) by extensions ['cmake', 'python']
[0.753s] Level 1:colcon.colcon_core.package_identification:_identify(src) by extension 'cmake'
[0.753s] Level 1:colcon.colcon_core.package_identification:_identify(src) by extension 'python'
[0.753s] Level 1:colcon.colcon_core.package_identification:_identify(src) by extensions ['python_setup_py']
[0.753s] Level 1:colcon.colcon_core.package_identification:_identify(src) by extension 'python_setup_py'
[0.753s] Level 1:colcon.colcon_core.package_identification:_identify(src/my_robot_bringup) by extensions ['ignore', 'ignore_ament_install']
[0.753s] Level 1:colcon.colcon_core.package_identification:_identify(src/my_robot_bringup) by extension 'ignore'
[0.753s] Level 1:colcon.colcon_core.package_identification:_identify(src/my_robot_bringup) by extension 'ignore_ament_install'
[0.753s] Level 1:colcon.colcon_core.package_identification:_identify(src/my_robot_bringup) by extensions ['colcon_pkg']
[0.753s] Level 1:colcon.colcon_core.package_identification:_identify(src/my_robot_bringup) by extension 'colcon_pkg'
[0.754s] Level 1:colcon.colcon_core.package_identification:_identify(src/my_robot_bringup) by extensions ['colcon_meta']
[0.754s] Level 1:colcon.colcon_core.package_identification:_identify(src/my_robot_bringup) by extension 'colcon_meta'
[0.754s] Level 1:colcon.colcon_core.package_identification:_identify(src/my_robot_bringup) by extensions ['ros']
[0.754s] Level 1:colcon.colcon_core.package_identification:_identify(src/my_robot_bringup) by extension 'ros'
[0.814s] DEBUG:colcon.colcon_core.package_identification:Package 'src/my_robot_bringup' with type 'ros.ament_cmake' and name 'my_robot_bringup'
[0.814s] Level 1:colcon.colcon_core.package_identification:_identify(src/my_robot_description) by extensions ['ignore', 'ignore_ament_install']
[0.815s] Level 1:colcon.colcon_core.package_identification:_identify(src/my_robot_description) by extension 'ignore'
[0.815s] Level 1:colcon.colcon_core.package_identification:_identify(src/my_robot_description) by extension 'ignore_ament_install'
[0.815s] Level 1:colcon.colcon_core.package_identification:_identify(src/my_robot_description) by extensions ['colcon_pkg']
[0.815s] Level 1:colcon.colcon_core.package_identification:_identify(src/my_robot_description) by extension 'colcon_pkg'
[0.815s] Level 1:colcon.colcon_core.package_identification:_identify(src/my_robot_description) by extensions ['colcon_meta']
[0.815s] Level 1:colcon.colcon_core.package_identification:_identify(src/my_robot_description) by extension 'colcon_meta'
[0.815s] Level 1:colcon.colcon_core.package_identification:_identify(src/my_robot_description) by extensions ['ros']
[0.815s] Level 1:colcon.colcon_core.package_identification:_identify(src/my_robot_description) by extension 'ros'
[0.816s] DEBUG:colcon.colcon_core.package_identification:Package 'src/my_robot_description' with type 'ros.ament_cmake' and name 'my_robot_description'
[0.816s] Level 1:colcon.colcon_core.package_identification:_identify(src/vision_node) by extensions ['ignore', 'ignore_ament_install']
[0.816s] Level 1:colcon.colcon_core.package_identification:_identify(src/vision_node) by extension 'ignore'
[0.816s] Level 1:colcon.colcon_core.package_identification:_identify(src/vision_node) by extension 'ignore_ament_install'
[0.816s] Level 1:colcon.colcon_core.package_identification:_identify(src/vision_node) by extensions ['colcon_pkg']
[0.816s] Level 1:colcon.colcon_core.package_identification:_identify(src/vision_node) by extension 'colcon_pkg'
[0.816s] Level 1:colcon.colcon_core.package_identification:_identify(src/vision_node) by extensions ['colcon_meta']
[0.816s] Level 1:colcon.colcon_core.package_identification:_identify(src/vision_node) by extension 'colcon_meta'
[0.816s] Level 1:colcon.colcon_core.package_identification:_identify(src/vision_node) by extensions ['ros']
[0.816s] Level 1:colcon.colcon_core.package_identification:_identify(src/vision_node) by extension 'ros'
[0.817s] DEBUG:colcon.colcon_core.package_identification:Package 'src/vision_node' with type 'ros.ament_python' and name 'vision_node'
[0.817s] Level 1:colcon.colcon_core.package_discovery:discover_packages(recursive) using defaults
[0.817s] Level 1:colcon.colcon_core.package_discovery:discover_packages(ignore) discover
[0.817s] Level 1:colcon.colcon_core.package_discovery:discover_packages(ignore) using defaults
[0.817s] Level 1:colcon.colcon_core.package_discovery:discover_packages(path) discover
[0.817s] Level 1:colcon.colcon_core.package_discovery:discover_packages(path) using defaults
[0.858s] Level 1:colcon.colcon_core.package_discovery:discover_packages(prefix_path) check parameters
[0.858s] Level 1:colcon.colcon_core.package_discovery:discover_packages(prefix_path) discover
[0.864s] DEBUG:colcon.colcon_installed_package_information.package_discovery:Found 529 installed packages in /opt/ros/humble
[0.870s] Level 1:colcon.colcon_core.package_discovery:discover_packages(prefix_path) using defaults
[1.034s] Level 5:colcon.colcon_core.verb:set package 'my_robot_bringup' build argument 'cmake_args' from command line to 'None'
[1.034s] Level 5:colcon.colcon_core.verb:set package 'my_robot_bringup' build argument 'cmake_target' from command line to 'None'
[1.034s] Level 5:colcon.colcon_core.verb:set package 'my_robot_bringup' build argument 'cmake_target_skip_unavailable' from command line to 'False'
[1.034s] Level 5:colcon.colcon_core.verb:set package 'my_robot_bringup' build argument 'cmake_clean_cache' from command line to 'False'
[1.034s] Level 5:colcon.colcon_core.verb:set package 'my_robot_bringup' build argument 'cmake_clean_first' from command line to 'False'
[1.034s] Level 5:colcon.colcon_core.verb:set package 'my_robot_bringup' build argument 'cmake_force_configure' from command line to 'False'
[1.034s] Level 5:colcon.colcon_core.verb:set package 'my_robot_bringup' build argument 'ament_cmake_args' from command line to 'None'
[1.034s] Level 5:colcon.colcon_core.verb:set package 'my_robot_bringup' build argument 'catkin_cmake_args' from command line to 'None'
[1.035s] Level 5:colcon.colcon_core.verb:set package 'my_robot_bringup' build argument 'catkin_skip_building_tests' from command line to 'False'
[1.035s] DEBUG:colcon.colcon_core.verb:Building package 'my_robot_bringup' with the following arguments: {'ament_cmake_args': None, 'build_base': '/home/kaushik/Ackerman_robot/build/my_robot_bringup', 'catkin_cmake_args': None, 'catkin_skip_building_tests': False, 'cmake_args': None, 'cmake_clean_cache': False, 'cmake_clean_first': False, 'cmake_force_configure': False, 'cmake_target': None, 'cmake_target_skip_unavailable': False, 'install_base': '/home/kaushik/Ackerman_robot/install/my_robot_bringup', 'merge_install': False, 'path': '/home/kaushik/Ackerman_robot/src/my_robot_bringup', 'symlink_install': False, 'test_result_base': None}
[1.036s] Level 5:colcon.colcon_core.verb:set package 'my_robot_description' build argument 'cmake_args' from command line to 'None'
[1.036s] Level 5:colcon.colcon_core.verb:set package 'my_robot_description' build argument 'cmake_target' from command line to 'None'
[1.036s] Level 5:colcon.colcon_core.verb:set package 'my_robot_description' build argument 'cmake_target_skip_unavailable' from command line to 'False'
[1.036s] Level 5:colcon.colcon_core.verb:set package 'my_robot_description' build argument 'cmake_clean_cache' from command line to 'False'
[1.036s] Level 5:colcon.colcon_core.verb:set package 'my_robot_description' build argument 'cmake_clean_first' from command line to 'False'
[1.036s] Level 5:colcon.colcon_core.verb:set package 'my_robot_description' build argument 'cmake_force_configure' from command line to 'False'
[1.036s] Level 5:colcon.colcon_core.verb:set package 'my_robot_description' build argument 'ament_cmake_args' from command line to 'None'
[1.036s] Level 5:colcon.colcon_core.verb:set package 'my_robot_description' build argument 'catkin_cmake_args' from command line to 'None'
[1.036s] Level 5:colcon.colcon_core.verb:set package 'my_robot_description' build argument 'catkin_skip_building_tests' from command line to 'False'
[1.036s] DEBUG:colcon.colcon_core.verb:Building package 'my_robot_description' with the following arguments: {'ament_cmake_args': None, 'build_base': '/home/kaushik/Ackerman_robot/build/my_robot_description', 'catkin_cmake_args': None, 'catkin_skip_building_tests': False, 'cmake_args': None, 'cmake_clean_cache': False, 'cmake_clean_first': False, 'cmake_force_configure': False, 'cmake_target': None, 'cmake_target_skip_unavailable': False, 'install_base': '/home/kaushik/Ackerman_robot/install/my_robot_description', 'merge_install': False, 'path': '/home/kaushik/Ackerman_robot/src/my_robot_description', 'symlink_install': False, 'test_result_base': None}
[1.036s] Level 5:colcon.colcon_core.verb:set package 'vision_node' build argument 'cmake_args' from command line to 'None'
[1.036s] Level 5:colcon.colcon_core.verb:set package 'vision_node' build argument 'cmake_target' from command line to 'None'
[1.036s] Level 5:colcon.colcon_core.verb:set package 'vision_node' build argument 'cmake_target_skip_unavailable' from command line to 'False'
[1.036s] Level 5:colcon.colcon_core.verb:set package 'vision_node' build argument 'cmake_clean_cache' from command line to 'False'
[1.036s] Level 5:colcon.colcon_core.verb:set package 'vision_node' build argument 'cmake_clean_first' from command line to 'False'
[1.037s] Level 5:colcon.colcon_core.verb:set package 'vision_node' build argument 'cmake_force_configure' from command line to 'False'
[1.037s] Level 5:colcon.colcon_core.verb:set package 'vision_node' build argument 'ament_cmake_args' from command line to 'None'
[1.037s] Level 5:colcon.colcon_core.verb:set package 'vision_node' build argument 'catkin_cmake_args' from command line to 'None'
[1.037s] Level 5:colcon.colcon_core.verb:set package 'vision_node' build argument 'catkin_skip_building_tests' from command line to 'False'
[1.037s] DEBUG:colcon.colcon_core.verb:Building package 'vision_node' with the following arguments: {'ament_cmake_args': None, 'build_base': '/home/kaushik/Ackerman_robot/build/vision_node', 'catkin_cmake_args': None, 'catkin_skip_building_tests': False, 'cmake_args': None, 'cmake_clean_cache': False, 'cmake_clean_first': False, 'cmake_force_configure': False, 'cmake_target': None, 'cmake_target_skip_unavailable': False, 'install_base': '/home/kaushik/Ackerman_robot/install/vision_node', 'merge_install': False, 'path': '/home/kaushik/Ackerman_robot/src/vision_node', 'symlink_install': False, 'test_result_base': None}
[1.037s] INFO:colcon.colcon_core.executor:Executing jobs using 'parallel' executor
[1.040s] DEBUG:colcon.colcon_parallel_executor.executor.parallel:run_until_complete
[1.041s] INFO:colcon.colcon_ros.task.ament_cmake.build:Building ROS package in '/home/kaushik/Ackerman_robot/src/my_robot_bringup' with build type 'ament_cmake'
[1.041s] INFO:colcon.colcon_cmake.task.cmake.build:Building CMake package in '/home/kaushik/Ackerman_robot/src/my_robot_bringup'
[1.049s] INFO:colcon.colcon_core.plugin_system:Skipping extension 'colcon_core.shell.bat': Not used on non-Windows systems
[1.050s] INFO:colcon.colcon_core.shell:Skip shell extension 'powershell' for command environment: Not usable outside of PowerShell
[1.050s] DEBUG:colcon.colcon_core.shell:Skip shell extension 'dsv' for command environment
[1.057s] INFO:colcon.colcon_ros.task.ament_cmake.build:Building ROS package in '/home/kaushik/Ackerman_robot/src/my_robot_description' with build type 'ament_cmake'
[1.058s] INFO:colcon.colcon_cmake.task.cmake.build:Building CMake package in '/home/kaushik/Ackerman_robot/src/my_robot_description'
[1.058s] INFO:colcon.colcon_core.shell:Skip shell extension 'powershell' for command environment: Not usable outside of PowerShell
[1.058s] DEBUG:colcon.colcon_core.shell:Skip shell extension 'dsv' for command environment
[1.066s] INFO:colcon.colcon_ros.task.ament_python.build:Building ROS package in '/home/kaushik/Ackerman_robot/src/vision_node' with build type 'ament_python'
[1.067s] Level 1:colcon.colcon_core.shell:create_environment_hook('vision_node', 'ament_prefix_path')
[1.068s] INFO:colcon.colcon_core.shell:Creating environment hook '/home/kaushik/Ackerman_robot/install/vision_node/share/vision_node/hook/ament_prefix_path.ps1'
[1.071s] INFO:colcon.colcon_core.shell:Creating environment descriptor '/home/kaushik/Ackerman_robot/install/vision_node/share/vision_node/hook/ament_prefix_path.dsv'
[1.072s] INFO:colcon.colcon_core.shell:Creating environment hook '/home/kaushik/Ackerman_robot/install/vision_node/share/vision_node/hook/ament_prefix_path.sh'
[1.074s] INFO:colcon.colcon_core.shell:Skip shell extension 'powershell' for command environment: Not usable outside of PowerShell
[1.074s] DEBUG:colcon.colcon_core.shell:Skip shell extension 'dsv' for command environment
[1.090s] DEBUG:colcon.colcon_core.event_handler.log_command:Invoking command in '/home/kaushik/Ackerman_robot/build/my_robot_bringup': CMAKE_PREFIX_PATH=/opt/ros/humble /usr/bin/cmake --build /home/kaushik/Ackerman_robot/build/my_robot_bringup -- -j12 -l12
[1.098s] DEBUG:colcon.colcon_core.event_handler.log_command:Invoking command in '/home/kaushik/Ackerman_robot/build/my_robot_description': CMAKE_PREFIX_PATH=/opt/ros/humble /usr/bin/cmake --build /home/kaushik/Ackerman_robot/build/my_robot_description -- -j12 -l12
[1.656s] INFO:colcon.colcon_core.task.python.build:Building Python package in '/home/kaushik/Ackerman_robot/src/vision_node'
[1.657s] INFO:colcon.colcon_core.shell:Skip shell extension 'powershell' for command environment: Not usable outside of PowerShell
[1.657s] DEBUG:colcon.colcon_core.shell:Skip shell extension 'dsv' for command environment
[1.669s] DEBUG:colcon.colcon_core.event_handler.log_command:Invoked command in '/home/kaushik/Ackerman_robot/build/my_robot_bringup' returned '0': CMAKE_PREFIX_PATH=/opt/ros/humble /usr/bin/cmake --build /home/kaushik/Ackerman_robot/build/my_robot_bringup -- -j12 -l12
[1.699s] DEBUG:colcon.colcon_core.event_handler.log_command:Invoking command in '/home/kaushik/Ackerman_robot/build/my_robot_bringup': CMAKE_PREFIX_PATH=/opt/ros/humble /usr/bin/cmake --install /home/kaushik/Ackerman_robot/build/my_robot_bringup
[1.700s] DEBUG:colcon.colcon_core.event_handler.log_command:Invoked command in '/home/kaushik/Ackerman_robot/build/my_robot_description' returned '0': CMAKE_PREFIX_PATH=/opt/ros/humble /usr/bin/cmake --build /home/kaushik/Ackerman_robot/build/my_robot_description -- -j12 -l12
[1.703s] DEBUG:colcon.colcon_core.event_handler.log_command:Invoking command in '/home/kaushik/Ackerman_robot/build/my_robot_description': CMAKE_PREFIX_PATH=/opt/ros/humble /usr/bin/cmake --install /home/kaushik/Ackerman_robot/build/my_robot_description
[1.732s] Level 1:colcon.colcon_core.environment:create_environment_scripts_only(my_robot_bringup)
[1.734s] DEBUG:colcon.colcon_core.event_handler.log_command:Invoked command in '/home/kaushik/Ackerman_robot/build/my_robot_bringup' returned '0': CMAKE_PREFIX_PATH=/opt/ros/humble /usr/bin/cmake --install /home/kaushik/Ackerman_robot/build/my_robot_bringup
[1.741s] Level 1:colcon.colcon_core.environment:checking '/home/kaushik/Ackerman_robot/install/my_robot_bringup' for CMake module files
[1.743s] Level 1:colcon.colcon_core.environment:checking '/home/kaushik/Ackerman_robot/install/my_robot_bringup' for CMake config files
[1.745s] Level 1:colcon.colcon_core.shell:create_environment_hook('my_robot_bringup', 'cmake_prefix_path')
[1.746s] INFO:colcon.colcon_core.shell:Creating environment hook '/home/kaushik/Ackerman_robot/install/my_robot_bringup/share/my_robot_bringup/hook/cmake_prefix_path.ps1'
[1.747s] INFO:colcon.colcon_core.shell:Creating environment descriptor '/home/kaushik/Ackerman_robot/install/my_robot_bringup/share/my_robot_bringup/hook/cmake_prefix_path.dsv'
[1.747s] INFO:colcon.colcon_core.shell:Creating environment hook '/home/kaushik/Ackerman_robot/install/my_robot_bringup/share/my_robot_bringup/hook/cmake_prefix_path.sh'
[1.749s] Level 1:colcon.colcon_core.environment:checking '/home/kaushik/Ackerman_robot/install/my_robot_bringup/bin'
[1.749s] Level 1:colcon.colcon_core.environment:checking '/home/kaushik/Ackerman_robot/install/my_robot_bringup/lib/pkgconfig/my_robot_bringup.pc'
[1.749s] Level 1:colcon.colcon_core.environment:checking '/home/kaushik/Ackerman_robot/install/my_robot_bringup/lib/python3.10/site-packages'
[1.750s] Level 1:colcon.colcon_core.environment:checking '/home/kaushik/Ackerman_robot/install/my_robot_bringup/bin'
[1.751s] INFO:colcon.colcon_core.shell:Creating package script '/home/kaushik/Ackerman_robot/install/my_robot_bringup/share/my_robot_bringup/package.ps1'
[1.753s] INFO:colcon.colcon_core.shell:Creating package descriptor '/home/kaushik/Ackerman_robot/install/my_robot_bringup/share/my_robot_bringup/package.dsv'
[1.754s] INFO:colcon.colcon_core.shell:Creating package script '/home/kaushik/Ackerman_robot/install/my_robot_bringup/share/my_robot_bringup/package.sh'
[1.755s] INFO:colcon.colcon_core.shell:Creating package script '/home/kaushik/Ackerman_robot/install/my_robot_bringup/share/my_robot_bringup/package.bash'
[1.757s] INFO:colcon.colcon_core.shell:Creating package script '/home/kaushik/Ackerman_robot/install/my_robot_bringup/share/my_robot_bringup/package.zsh'
[1.758s] Level 1:colcon.colcon_core.environment:create_file_with_runtime_dependencies(/home/kaushik/Ackerman_robot/install/my_robot_bringup/share/colcon-core/packages/my_robot_bringup)
[1.759s] Level 1:colcon.colcon_core.environment:create_environment_scripts_only(my_robot_bringup)
[1.760s] Level 1:colcon.colcon_core.environment:checking '/home/kaushik/Ackerman_robot/install/my_robot_bringup' for CMake module files
[1.761s] Level 1:colcon.colcon_core.environment:checking '/home/kaushik/Ackerman_robot/install/my_robot_bringup' for CMake config files
[1.761s] Level 1:colcon.colcon_core.shell:create_environment_hook('my_robot_bringup', 'cmake_prefix_path')
[1.761s] INFO:colcon.colcon_core.shell:Creating environment hook '/home/kaushik/Ackerman_robot/install/my_robot_bringup/share/my_robot_bringup/hook/cmake_prefix_path.ps1'
[1.763s] INFO:colcon.colcon_core.shell:Creating environment descriptor '/home/kaushik/Ackerman_robot/install/my_robot_bringup/share/my_robot_bringup/hook/cmake_prefix_path.dsv'
[1.763s] INFO:colcon.colcon_core.shell:Creating environment hook '/home/kaushik/Ackerman_robot/install/my_robot_bringup/share/my_robot_bringup/hook/cmake_prefix_path.sh'
[1.765s] Level 1:colcon.colcon_core.environment:checking '/home/kaushik/Ackerman_robot/install/my_robot_bringup/bin'
[1.766s] Level 1:colcon.colcon_core.environment:checking '/home/kaushik/Ackerman_robot/install/my_robot_bringup/lib/pkgconfig/my_robot_bringup.pc'
[1.766s] Level 1:colcon.colcon_core.environment:checking '/home/kaushik/Ackerman_robot/install/my_robot_bringup/lib/python3.10/site-packages'
[1.768s] Level 1:colcon.colcon_core.environment:checking '/home/kaushik/Ackerman_robot/install/my_robot_bringup/bin'
[1.770s] INFO:colcon.colcon_core.shell:Creating package script '/home/kaushik/Ackerman_robot/install/my_robot_bringup/share/my_robot_bringup/package.ps1'
[1.772s] INFO:colcon.colcon_core.shell:Creating package descriptor '/home/kaushik/Ackerman_robot/install/my_robot_bringup/share/my_robot_bringup/package.dsv'
[1.773s] INFO:colcon.colcon_core.shell:Creating package script '/home/kaushik/Ackerman_robot/install/my_robot_bringup/share/my_robot_bringup/package.sh'
[1.774s] INFO:colcon.colcon_core.shell:Creating package script '/home/kaushik/Ackerman_robot/install/my_robot_bringup/share/my_robot_bringup/package.bash'
[1.775s] INFO:colcon.colcon_core.shell:Creating package script '/home/kaushik/Ackerman_robot/install/my_robot_bringup/share/my_robot_bringup/package.zsh'
[1.775s] Level 1:colcon.colcon_core.environment:create_file_with_runtime_dependencies(/home/kaushik/Ackerman_robot/install/my_robot_bringup/share/colcon-core/packages/my_robot_bringup)
[1.776s] Level 1:colcon.colcon_core.environment:create_environment_scripts_only(my_robot_description)
[1.776s] Level 1:colcon.colcon_core.environment:checking '/home/kaushik/Ackerman_robot/install/my_robot_description' for CMake module files
[1.778s] DEBUG:colcon.colcon_core.event_handler.log_command:Invoked command in '/home/kaushik/Ackerman_robot/build/my_robot_description' returned '0': CMAKE_PREFIX_PATH=/opt/ros/humble /usr/bin/cmake --install /home/kaushik/Ackerman_robot/build/my_robot_description
[1.779s] Level 1:colcon.colcon_core.environment:checking '/home/kaushik/Ackerman_robot/install/my_robot_description' for CMake config files
[1.780s] Level 1:colcon.colcon_core.shell:create_environment_hook('my_robot_description', 'cmake_prefix_path')
[1.781s] INFO:colcon.colcon_core.shell:Creating environment hook '/home/kaushik/Ackerman_robot/install/my_robot_description/share/my_robot_description/hook/cmake_prefix_path.ps1'
[1.782s] INFO:colcon.colcon_core.shell:Creating environment descriptor '/home/kaushik/Ackerman_robot/install/my_robot_description/share/my_robot_description/hook/cmake_prefix_path.dsv'
[1.783s] INFO:colcon.colcon_core.shell:Creating environment hook '/home/kaushik/Ackerman_robot/install/my_robot_description/share/my_robot_description/hook/cmake_prefix_path.sh'
[1.784s] Level 1:colcon.colcon_core.environment:checking '/home/kaushik/Ackerman_robot/install/my_robot_description/bin'
[1.784s] Level 1:colcon.colcon_core.environment:checking '/home/kaushik/Ackerman_robot/install/my_robot_description/lib/pkgconfig/my_robot_description.pc'
[1.784s] Level 1:colcon.colcon_core.environment:checking '/home/kaushik/Ackerman_robot/install/my_robot_description/lib/python3.10/site-packages'
[1.785s] Level 1:colcon.colcon_core.environment:checking '/home/kaushik/Ackerman_robot/install/my_robot_description/bin'
[1.785s] INFO:colcon.colcon_core.shell:Creating package script '/home/kaushik/Ackerman_robot/install/my_robot_description/share/my_robot_description/package.ps1'
[1.787s] INFO:colcon.colcon_core.shell:Creating package descriptor '/home/kaushik/Ackerman_robot/install/my_robot_description/share/my_robot_description/package.dsv'
[1.787s] INFO:colcon.colcon_core.shell:Creating package script '/home/kaushik/Ackerman_robot/install/my_robot_description/share/my_robot_description/package.sh'
[1.788s] INFO:colcon.colcon_core.shell:Creating package script '/home/kaushik/Ackerman_robot/install/my_robot_description/share/my_robot_description/package.bash'
[1.788s] INFO:colcon.colcon_core.shell:Creating package script '/home/kaushik/Ackerman_robot/install/my_robot_description/share/my_robot_description/package.zsh'
[1.789s] Level 1:colcon.colcon_core.environment:create_file_with_runtime_dependencies(/home/kaushik/Ackerman_robot/install/my_robot_description/share/colcon-core/packages/my_robot_description)
[1.790s] Level 1:colcon.colcon_core.environment:create_environment_scripts_only(my_robot_description)
[1.791s] Level 1:colcon.colcon_core.environment:checking '/home/kaushik/Ackerman_robot/install/my_robot_description' for CMake module files
[1.791s] Level 1:colcon.colcon_core.environment:checking '/home/kaushik/Ackerman_robot/install/my_robot_description' for CMake config files
[1.792s] Level 1:colcon.colcon_core.shell:create_environment_hook('my_robot_description', 'cmake_prefix_path')
[1.792s] INFO:colcon.colcon_core.shell:Creating environment hook '/home/kaushik/Ackerman_robot/install/my_robot_description/share/my_robot_description/hook/cmake_prefix_path.ps1'
[1.793s] INFO:colcon.colcon_core.shell:Creating environment descriptor '/home/kaushik/Ackerman_robot/install/my_robot_description/share/my_robot_description/hook/cmake_prefix_path.dsv'
[1.793s] INFO:colcon.colcon_core.shell:Creating environment hook '/home/kaushik/Ackerman_robot/install/my_robot_description/share/my_robot_description/hook/cmake_prefix_path.sh'
[1.794s] Level 1:colcon.colcon_core.environment:checking '/home/kaushik/Ackerman_robot/install/my_robot_description/bin'
[1.794s] Level 1:colcon.colcon_core.environment:checking '/home/kaushik/Ackerman_robot/install/my_robot_description/lib/pkgconfig/my_robot_description.pc'
[1.795s] Level 1:colcon.colcon_core.environment:checking '/home/kaushik/Ackerman_robot/install/my_robot_description/lib/python3.10/site-packages'
[1.795s] Level 1:colcon.colcon_core.environment:checking '/home/kaushik/Ackerman_robot/install/my_robot_description/bin'
[1.796s] INFO:colcon.colcon_core.shell:Creating package script '/home/kaushik/Ackerman_robot/install/my_robot_description/share/my_robot_description/package.ps1'
[1.797s] INFO:colcon.colcon_core.shell:Creating package descriptor '/home/kaushik/Ackerman_robot/install/my_robot_description/share/my_robot_description/package.dsv'
[1.798s] INFO:colcon.colcon_core.shell:Creating package script '/home/kaushik/Ackerman_robot/install/my_robot_description/share/my_robot_description/package.sh'
[1.798s] INFO:colcon.colcon_core.shell:Creating package script '/home/kaushik/Ackerman_robot/install/my_robot_description/share/my_robot_description/package.bash'
[1.799s] INFO:colcon.colcon_core.shell:Creating package script '/home/kaushik/Ackerman_robot/install/my_robot_description/share/my_robot_description/package.zsh'
[1.799s] Level 1:colcon.colcon_core.environment:create_file_with_runtime_dependencies(/home/kaushik/Ackerman_robot/install/my_robot_description/share/colcon-core/packages/my_robot_description)
[2.560s] DEBUG:colcon.colcon_core.event_handler.log_command:Invoking command in '/home/kaushik/Ackerman_robot/src/vision_node': PYTHONPATH=/home/kaushik/Ackerman_robot/build/vision_node/prefix_override:/usr/lib/python3/dist-packages/colcon_core/task/python/colcon_distutils_commands:/home/kaushik/Ackerman_robot/install/vision_node/lib/python3.10/site-packages:${PYTHONPATH} /usr/bin/python3 -W ignore:setup.py install is deprecated -W ignore:easy_install command is deprecated setup.py egg_info --egg-base ../../build/vision_node build --build-base /home/kaushik/Ackerman_robot/build/vision_node/build install --record /home/kaushik/Ackerman_robot/build/vision_node/install.log --single-version-externally-managed install_data
[3.124s] Level 1:colcon.colcon_core.environment:checking '/home/kaushik/Ackerman_robot/install/vision_node' for CMake module files
[3.125s] DEBUG:colcon.colcon_core.event_handler.log_command:Invoked command in '/home/kaushik/Ackerman_robot/src/vision_node' returned '0': PYTHONPATH=/home/kaushik/Ackerman_robot/build/vision_node/prefix_override:/usr/lib/python3/dist-packages/colcon_core/task/python/colcon_distutils_commands:/home/kaushik/Ackerman_robot/install/vision_node/lib/python3.10/site-packages:${PYTHONPATH} /usr/bin/python3 -W ignore:setup.py install is deprecated -W ignore:easy_install command is deprecated setup.py egg_info --egg-base ../../build/vision_node build --build-base /home/kaushik/Ackerman_robot/build/vision_node/build install --record /home/kaushik/Ackerman_robot/build/vision_node/install.log --single-version-externally-managed install_data
[3.127s] Level 1:colcon.colcon_core.environment:checking '/home/kaushik/Ackerman_robot/install/vision_node' for CMake config files
[3.129s] Level 1:colcon.colcon_core.environment:checking '/home/kaushik/Ackerman_robot/install/vision_node/lib'
[3.130s] Level 1:colcon.colcon_core.environment:checking '/home/kaushik/Ackerman_robot/install/vision_node/bin'
[3.130s] Level 1:colcon.colcon_core.environment:checking '/home/kaushik/Ackerman_robot/install/vision_node/lib/pkgconfig/vision_node.pc'
[3.130s] Level 1:colcon.colcon_core.environment:checking '/home/kaushik/Ackerman_robot/install/vision_node/lib/python3.10/site-packages'
[3.130s] Level 1:colcon.colcon_core.shell:create_environment_hook('vision_node', 'pythonpath')
[3.131s] INFO:colcon.colcon_core.shell:Creating environment hook '/home/kaushik/Ackerman_robot/install/vision_node/share/vision_node/hook/pythonpath.ps1'
[3.133s] INFO:colcon.colcon_core.shell:Creating environment descriptor '/home/kaushik/Ackerman_robot/install/vision_node/share/vision_node/hook/pythonpath.dsv'
[3.134s] INFO:colcon.colcon_core.shell:Creating environment hook '/home/kaushik/Ackerman_robot/install/vision_node/share/vision_node/hook/pythonpath.sh'
[3.135s] Level 1:colcon.colcon_core.environment:checking '/home/kaushik/Ackerman_robot/install/vision_node/bin'
[3.135s] Level 1:colcon.colcon_core.environment:create_environment_scripts_only(vision_node)
[3.136s] INFO:colcon.colcon_core.shell:Creating package script '/home/kaushik/Ackerman_robot/install/vision_node/share/vision_node/package.ps1'
[3.137s] INFO:colcon.colcon_core.shell:Creating package descriptor '/home/kaushik/Ackerman_robot/install/vision_node/share/vision_node/package.dsv'
[3.138s] INFO:colcon.colcon_core.shell:Creating package script '/home/kaushik/Ackerman_robot/install/vision_node/share/vision_node/package.sh'
[3.139s] INFO:colcon.colcon_core.shell:Creating package script '/home/kaushik/Ackerman_robot/install/vision_node/share/vision_node/package.bash'
[3.139s] INFO:colcon.colcon_core.shell:Creating package script '/home/kaushik/Ackerman_robot/install/vision_node/share/vision_node/package.zsh'
[3.140s] Level 1:colcon.colcon_core.environment:create_file_with_runtime_dependencies(/home/kaushik/Ackerman_robot/install/vision_node/share/colcon-core/packages/vision_node)
[3.140s] DEBUG:colcon.colcon_parallel_executor.executor.parallel:closing loop
[3.141s] DEBUG:colcon.colcon_parallel_executor.executor.parallel:loop closed
[3.141s] DEBUG:colcon.colcon_parallel_executor.executor.parallel:run_until_complete finished with '0'
[3.141s] DEBUG:colcon.colcon_core.event_reactor:joining thread
[3.153s] INFO:colcon.colcon_core.plugin_system:Skipping extension 'colcon_notification.desktop_notification.terminal_notifier': Not used on non-Darwin systems
[3.153s] INFO:colcon.colcon_core.plugin_system:Skipping extension 'colcon_notification.desktop_notification.win32': Not used on non-Windows systems
[3.153s] INFO:colcon.colcon_notification.desktop_notification:Sending desktop notification using 'notify2'
[3.174s] DEBUG:colcon.colcon_core.event_reactor:joined thread
[3.175s] INFO:colcon.colcon_core.shell:Creating prefix script '/home/kaushik/Ackerman_robot/install/local_setup.ps1'
[3.177s] INFO:colcon.colcon_core.shell:Creating prefix util module '/home/kaushik/Ackerman_robot/install/_local_setup_util_ps1.py'
[3.179s] INFO:colcon.colcon_core.shell:Creating prefix chain script '/home/kaushik/Ackerman_robot/install/setup.ps1'
[3.181s] INFO:colcon.colcon_core.shell:Creating prefix script '/home/kaushik/Ackerman_robot/install/local_setup.sh'
[3.182s] INFO:colcon.colcon_core.shell:Creating prefix util module '/home/kaushik/Ackerman_robot/install/_local_setup_util_sh.py'
[3.183s] INFO:colcon.colcon_core.shell:Creating prefix chain script '/home/kaushik/Ackerman_robot/install/setup.sh'
[3.184s] INFO:colcon.colcon_core.shell:Creating prefix script '/home/kaushik/Ackerman_robot/install/local_setup.bash'
[3.185s] INFO:colcon.colcon_core.shell:Creating prefix chain script '/home/kaushik/Ackerman_robot/install/setup.bash'
[3.187s] INFO:colcon.colcon_core.shell:Creating prefix script '/home/kaushik/Ackerman_robot/install/local_setup.zsh'
[3.187s] INFO:colcon.colcon_core.shell:Creating prefix chain script '/home/kaushik/Ackerman_robot/install/setup.zsh'
