[0.913s] Invoking command in '/home/kaushik/Ackerman_robot/src/vision_node': PYTHONPATH=/home/kaushik/Ackerman_robot/build/vision_node/prefix_override:/usr/lib/python3/dist-packages/colcon_core/task/python/colcon_distutils_commands:/home/kaushik/Ackerman_robot/install/vision_node/lib/python3.10/site-packages:${PYTHONPATH} /usr/bin/python3 -W ignore:setup.py install is deprecated -W ignore:easy_install command is deprecated setup.py egg_info --egg-base ../../build/vision_node build --build-base /home/kaushik/Ackerman_robot/build/vision_node/build install --record /home/kaushik/Ackerman_robot/build/vision_node/install.log --single-version-externally-managed install_data
[1.254s] running egg_info
[1.255s] writing ../../build/vision_node/vision_node.egg-info/PKG-INFO
[1.255s] writing dependency_links to ../../build/vision_node/vision_node.egg-info/dependency_links.txt
[1.255s] writing entry points to ../../build/vision_node/vision_node.egg-info/entry_points.txt
[1.256s] writing requirements to ../../build/vision_node/vision_node.egg-info/requires.txt
[1.256s] writing top-level names to ../../build/vision_node/vision_node.egg-info/top_level.txt
[1.258s] reading manifest file '../../build/vision_node/vision_node.egg-info/SOURCES.txt'
[1.259s] writing manifest file '../../build/vision_node/vision_node.egg-info/SOURCES.txt'
[1.259s] running build
[1.259s] running build_py
[1.259s] running install
[1.260s] running install_lib
[1.262s] running install_data
[1.262s] running install_egg_info
[1.264s] removing '/home/kaushik/Ackerman_robot/install/vision_node/lib/python3.10/site-packages/vision_node-0.0.0-py3.10.egg-info' (and everything under it)
[1.264s] Copying ../../build/vision_node/vision_node.egg-info to /home/kaushik/Ackerman_robot/install/vision_node/lib/python3.10/site-packages/vision_node-0.0.0-py3.10.egg-info
[1.266s] running install_scripts
[1.292s] Installing control_node script to /home/kaushik/Ackerman_robot/install/vision_node/lib/vision_node
[1.292s] Installing vision_node script to /home/kaushik/Ackerman_robot/install/vision_node/lib/vision_node
[1.292s] writing list of installed files to '/home/kaushik/Ackerman_robot/build/vision_node/install.log'
[1.339s] Invoked command in '/home/kaushik/Ackerman_robot/src/vision_node' returned '0': PYTHONPATH=/home/kaushik/Ackerman_robot/build/vision_node/prefix_override:/usr/lib/python3/dist-packages/colcon_core/task/python/colcon_distutils_commands:/home/kaushik/Ackerman_robot/install/vision_node/lib/python3.10/site-packages:${PYTHONPATH} /usr/bin/python3 -W ignore:setup.py install is deprecated -W ignore:easy_install command is deprecated setup.py egg_info --egg-base ../../build/vision_node build --build-base /home/kaushik/Ackerman_robot/build/vision_node/build install --record /home/kaushik/Ackerman_robot/build/vision_node/install.log --single-version-externally-managed install_data
