[1.221s] Invoking command in '/home/kaushik/Ackerman_robot/src/vision_node': PYTHONPATH=/home/kaushik/Ackerman_robot/build/vision_node/prefix_override:/usr/lib/python3/dist-packages/colcon_core/task/python/colcon_distutils_commands:/home/kaushik/Ackerman_robot/install/vision_node/lib/python3.10/site-packages:${PYTHONPATH} /usr/bin/python3 -W ignore:setup.py install is deprecated -W ignore:easy_install command is deprecated setup.py egg_info --egg-base ../../build/vision_node build --build-base /home/kaushik/Ackerman_robot/build/vision_node/build install --record /home/kaushik/Ackerman_robot/build/vision_node/install.log --single-version-externally-managed install_data
[1.580s] running egg_info
[1.581s] creating ../../build/vision_node/vision_node.egg-info
[1.582s] writing ../../build/vision_node/vision_node.egg-info/PKG-INFO
[1.582s] writing dependency_links to ../../build/vision_node/vision_node.egg-info/dependency_links.txt
[1.582s] writing entry points to ../../build/vision_node/vision_node.egg-info/entry_points.txt
[1.583s] writing requirements to ../../build/vision_node/vision_node.egg-info/requires.txt
[1.583s] writing top-level names to ../../build/vision_node/vision_node.egg-info/top_level.txt
[1.583s] writing manifest file '../../build/vision_node/vision_node.egg-info/SOURCES.txt'
[1.585s] reading manifest file '../../build/vision_node/vision_node.egg-info/SOURCES.txt'
[1.586s] writing manifest file '../../build/vision_node/vision_node.egg-info/SOURCES.txt'
[1.586s] running build
[1.586s] running build_py
[1.586s] creating /home/kaushik/Ackerman_robot/build/vision_node/build
[1.587s] creating /home/kaushik/Ackerman_robot/build/vision_node/build/lib
[1.587s] creating /home/kaushik/Ackerman_robot/build/vision_node/build/lib/vision_node
[1.587s] copying vision_node/__init__.py -> /home/kaushik/Ackerman_robot/build/vision_node/build/lib/vision_node
[1.587s] copying vision_node/vision_node.py -> /home/kaushik/Ackerman_robot/build/vision_node/build/lib/vision_node
[1.587s] copying vision_node/control_node.py -> /home/kaushik/Ackerman_robot/build/vision_node/build/lib/vision_node
[1.588s] running install
[1.588s] running install_lib
[1.590s] running install_data
[1.590s] running install_egg_info
[1.592s] removing '/home/kaushik/Ackerman_robot/install/vision_node/lib/python3.10/site-packages/vision_node-0.0.0-py3.10.egg-info' (and everything under it)
[1.593s] Copying ../../build/vision_node/vision_node.egg-info to /home/kaushik/Ackerman_robot/install/vision_node/lib/python3.10/site-packages/vision_node-0.0.0-py3.10.egg-info
[1.594s] running install_scripts
[1.623s] Installing control_node script to /home/kaushik/Ackerman_robot/install/vision_node/lib/vision_node
[1.623s] Installing vision_node script to /home/kaushik/Ackerman_robot/install/vision_node/lib/vision_node
[1.623s] writing list of installed files to '/home/kaushik/Ackerman_robot/build/vision_node/install.log'
[1.672s] Invoked command in '/home/kaushik/Ackerman_robot/src/vision_node' returned '0': PYTHONPATH=/home/kaushik/Ackerman_robot/build/vision_node/prefix_override:/usr/lib/python3/dist-packages/colcon_core/task/python/colcon_distutils_commands:/home/kaushik/Ackerman_robot/install/vision_node/lib/python3.10/site-packages:${PYTHONPATH} /usr/bin/python3 -W ignore:setup.py install is deprecated -W ignore:easy_install command is deprecated setup.py egg_info --egg-base ../../build/vision_node build --build-base /home/kaushik/Ackerman_robot/build/vision_node/build install --record /home/kaushik/Ackerman_robot/build/vision_node/install.log --single-version-externally-managed install_data
