[0.039s] Invoking command in '/home/kaushik/Ackerman_robot/build/my_robot_description': CMAKE_PREFIX_PATH=/opt/ros/humble /usr/bin/cmake --build /home/kaushik/Ackerman_robot/build/my_robot_description -- -j12 -l12
[0.642s] Invoked command in '/home/kaushik/Ackerman_robot/build/my_robot_description' returned '0': CMAKE_PREFIX_PATH=/opt/ros/humble /usr/bin/cmake --build /home/kaushik/Ackerman_robot/build/my_robot_description -- -j12 -l12
[0.645s] Invoking command in '/home/kaushik/Ackerman_robot/build/my_robot_description': CMAKE_PREFIX_PATH=/opt/ros/humble /usr/bin/cmake --install /home/kaushik/Ackerman_robot/build/my_robot_description
[0.667s] -- Install configuration: ""
[0.667s] -- Up-to-date: /home/kaushik/Ackerman_robot/install/my_robot_description/share/my_robot_description//urdf
[0.667s] -- Up-to-date: /home/kaushik/Ackerman_robot/install/my_robot_description/share/my_robot_description//urdf/ackermann_gazebo.xacro
[0.670s] -- Up-to-date: /home/kaushik/Ackerman_robot/install/my_robot_description/share/my_robot_description//urdf/common_properties.urdf.xacro 
[0.670s] -- Up-to-date: /home/kaushik/Ackerman_robot/install/my_robot_description/share/my_robot_description//urdf/ackermann_base.xacro
[0.671s] -- Up-to-date: /home/kaushik/Ackerman_robot/install/my_robot_description/share/my_robot_description//urdf/my_robot.urdf.xacro
[0.671s] -- Up-to-date: /home/kaushik/Ackerman_robot/install/my_robot_description/share/my_robot_description//launch
[0.671s] -- Up-to-date: /home/kaushik/Ackerman_robot/install/my_robot_description/share/my_robot_description//launch/display.launch.xml
[0.672s] -- Up-to-date: /home/kaushik/Ackerman_robot/install/my_robot_description/share/ament_index/resource_index/package_run_dependencies/my_robot_description
[0.673s] -- Up-to-date: /home/kaushik/Ackerman_robot/install/my_robot_description/share/ament_index/resource_index/parent_prefix_path/my_robot_description
[0.674s] -- Up-to-date: /home/kaushik/Ackerman_robot/install/my_robot_description/share/my_robot_description/environment/ament_prefix_path.dsv
[0.674s] -- Up-to-date: /home/kaushik/Ackerman_robot/install/my_robot_description/share/my_robot_description/environment/path.dsv
[0.674s] -- Up-to-date: /home/kaushik/Ackerman_robot/install/my_robot_description/share/my_robot_description/local_setup.bash
[0.674s] -- Up-to-date: /home/kaushik/Ackerman_robot/install/my_robot_description/share/my_robot_description/local_setup.sh
[0.674s] -- Up-to-date: /home/kaushik/Ackerman_robot/install/my_robot_description/share/my_robot_description/local_setup.zsh
[0.674s] -- Up-to-date: /home/kaushik/Ackerman_robot/install/my_robot_description/share/my_robot_description/local_setup.dsv
[0.674s] -- Installing: /home/kaushik/Ackerman_robot/install/my_robot_description/share/my_robot_description/package.dsv
[0.674s] -- Up-to-date: /home/kaushik/Ackerman_robot/install/my_robot_description/share/ament_index/resource_index/packages/my_robot_description
[0.674s] -- Up-to-date: /home/kaushik/Ackerman_robot/install/my_robot_description/share/my_robot_description/cmake/my_robot_descriptionConfig.cmake
[0.674s] -- Up-to-date: /home/kaushik/Ackerman_robot/install/my_robot_description/share/my_robot_description/cmake/my_robot_descriptionConfig-version.cmake
[0.674s] -- Up-to-date: /home/kaushik/Ackerman_robot/install/my_robot_description/share/my_robot_description/package.xml
[0.720s] Invoked command in '/home/kaushik/Ackerman_robot/build/my_robot_description' returned '0': CMAKE_PREFIX_PATH=/opt/ros/humble /usr/bin/cmake --install /home/kaushik/Ackerman_robot/build/my_robot_description
