[0.027s] Invoking command in '/home/kaushik/Ackerman_robot/build/my_robot_description': CMAKE_PREFIX_PATH=${CMAKE_PREFIX_PATH}:/home/kaushik/Ackerman_robot/install/vision_node:/opt/ros/humble /usr/bin/cmake /home/kaushik/Ackerman_robot/src/my_robot_description -DCMAKE_INSTALL_PREFIX=/home/kaushik/Ackerman_robot/install/my_robot_description
[0.141s] -- The C compiler identification is GNU 11.4.0
[0.238s] -- The CXX compiler identification is GNU 11.4.0
[0.251s] -- Detecting C compiler ABI info
[0.360s] -- Detecting C compiler ABI info - done
[0.369s] -- Check for working C compiler: /usr/bin/cc - skipped
[0.369s] -- Detecting C compile features
[0.371s] -- Detecting C compile features - done
[0.376s] -- Detecting CXX compiler ABI info
[0.502s] -- Detecting CXX compiler ABI info - done
[0.512s] -- Check for working CXX compiler: /usr/bin/c++ - skipped
[0.513s] -- Detecting CXX compile features
[0.513s] -- Detecting CXX compile features - done
[0.523s] -- Found ament_cmake: 1.3.14 (/opt/ros/humble/share/ament_cmake/cmake)
[0.797s] -- Found Python3: /usr/bin/python3 (found version "3.10.12") found components: Interpreter 
[0.988s] -- Found ament_lint_auto: 0.12.15 (/opt/ros/humble/share/ament_lint_auto/cmake)
[1.132s] -- Added test 'lint_cmake' to check CMake code style
[1.135s] -- Added test 'xmllint' to check XML markup files
[1.138s] -- Configuring done
[1.144s] -- Generating done
[1.147s] -- Build files have been written to: /home/kaushik/Ackerman_robot/build/my_robot_description
[1.160s] Invoked command in '/home/kaushik/Ackerman_robot/build/my_robot_description' returned '0': CMAKE_PREFIX_PATH=${CMAKE_PREFIX_PATH}:/home/kaushik/Ackerman_robot/install/vision_node:/opt/ros/humble /usr/bin/cmake /home/kaushik/Ackerman_robot/src/my_robot_description -DCMAKE_INSTALL_PREFIX=/home/kaushik/Ackerman_robot/install/my_robot_description
[1.163s] Invoking command in '/home/kaushik/Ackerman_robot/build/my_robot_description': CMAKE_PREFIX_PATH=${CMAKE_PREFIX_PATH}:/home/kaushik/Ackerman_robot/install/vision_node:/opt/ros/humble /usr/bin/cmake --build /home/kaushik/Ackerman_robot/build/my_robot_description -- -j12 -l12
[1.243s] Invoked command in '/home/kaushik/Ackerman_robot/build/my_robot_description' returned '0': CMAKE_PREFIX_PATH=${CMAKE_PREFIX_PATH}:/home/kaushik/Ackerman_robot/install/vision_node:/opt/ros/humble /usr/bin/cmake --build /home/kaushik/Ackerman_robot/build/my_robot_description -- -j12 -l12
[1.259s] Invoking command in '/home/kaushik/Ackerman_robot/build/my_robot_description': CMAKE_PREFIX_PATH=${CMAKE_PREFIX_PATH}:/home/kaushik/Ackerman_robot/install/vision_node:/opt/ros/humble /usr/bin/cmake --install /home/kaushik/Ackerman_robot/build/my_robot_description
[1.275s] -- Install configuration: ""
[1.275s] -- Up-to-date: /home/kaushik/Ackerman_robot/install/my_robot_description/share/my_robot_description//urdf
[1.275s] -- Installing: /home/kaushik/Ackerman_robot/install/my_robot_description/share/my_robot_description//urdf/ackermann_gazebo.xacro
[1.275s] -- Installing: /home/kaushik/Ackerman_robot/install/my_robot_description/share/my_robot_description//urdf/common_properties.urdf.xacro 
[1.275s] -- Installing: /home/kaushik/Ackerman_robot/install/my_robot_description/share/my_robot_description//urdf/ackermann_base.xacro
[1.276s] -- Installing: /home/kaushik/Ackerman_robot/install/my_robot_description/share/my_robot_description//urdf/my_robot.urdf.xacro
[1.276s] -- Up-to-date: /home/kaushik/Ackerman_robot/install/my_robot_description/share/my_robot_description//launch
[1.276s] -- Up-to-date: /home/kaushik/Ackerman_robot/install/my_robot_description/share/my_robot_description//launch/display.launch.xml
[1.277s] -- Installing: /home/kaushik/Ackerman_robot/install/my_robot_description/share/ament_index/resource_index/package_run_dependencies/my_robot_description
[1.278s] -- Installing: /home/kaushik/Ackerman_robot/install/my_robot_description/share/ament_index/resource_index/parent_prefix_path/my_robot_description
[1.278s] -- Installing: /home/kaushik/Ackerman_robot/install/my_robot_description/share/my_robot_description/environment/ament_prefix_path.dsv
[1.279s] -- Installing: /home/kaushik/Ackerman_robot/install/my_robot_description/share/my_robot_description/environment/path.dsv
[1.280s] -- Installing: /home/kaushik/Ackerman_robot/install/my_robot_description/share/my_robot_description/local_setup.bash
[1.280s] -- Installing: /home/kaushik/Ackerman_robot/install/my_robot_description/share/my_robot_description/local_setup.sh
[1.280s] -- Installing: /home/kaushik/Ackerman_robot/install/my_robot_description/share/my_robot_description/local_setup.zsh
[1.280s] -- Installing: /home/kaushik/Ackerman_robot/install/my_robot_description/share/my_robot_description/local_setup.dsv
[1.280s] -- Installing: /home/kaushik/Ackerman_robot/install/my_robot_description/share/my_robot_description/package.dsv
[1.281s] -- Installing: /home/kaushik/Ackerman_robot/install/my_robot_description/share/ament_index/resource_index/packages/my_robot_description
[1.281s] -- Installing: /home/kaushik/Ackerman_robot/install/my_robot_description/share/my_robot_description/cmake/my_robot_descriptionConfig.cmake
[1.281s] -- Installing: /home/kaushik/Ackerman_robot/install/my_robot_description/share/my_robot_description/cmake/my_robot_descriptionConfig-version.cmake
[1.281s] -- Up-to-date: /home/kaushik/Ackerman_robot/install/my_robot_description/share/my_robot_description/package.xml
[1.284s] Invoked command in '/home/kaushik/Ackerman_robot/build/my_robot_description' returned '0': CMAKE_PREFIX_PATH=${CMAKE_PREFIX_PATH}:/home/kaushik/Ackerman_robot/install/vision_node:/opt/ros/humble /usr/bin/cmake --install /home/kaushik/Ackerman_robot/build/my_robot_description
