[0.159s] DEBUG:colcon:Command line arguments: ['/usr/bin/colcon', 'build']
[0.159s] DEBUG:colcon:Parsed command line arguments: Namespace(log_base=None, log_level=None, verb_name='build', build_base='build', install_base='install', merge_install=False, symlink_install=False, test_result_base=None, continue_on_error=False, executor='parallel', parallel_workers=12, event_handlers=None, ignore_user_meta=False, metas=['./colcon.meta'], base_paths=['.'], packages_ignore=None, packages_ignore_regex=None, paths=None, packages_up_to=None, packages_up_to_regex=None, packages_above=None, packages_above_and_dependencies=None, packages_above_depth=None, packages_select_by_dep=None, packages_skip_by_dep=None, packages_skip_up_to=None, packages_select_build_failed=False, packages_skip_build_finished=False, packages_select_test_failures=False, packages_skip_test_passed=False, packages_select=None, packages_skip=None, packages_select_regex=None, packages_skip_regex=None, packages_start=None, packages_end=None, allow_overriding=[], cmake_args=None, cmake_target=None, cmake_target_skip_unavailable=False, cmake_clean_cache=False, cmake_clean_first=False, cmake_force_configure=False, ament_cmake_args=None, catkin_cmake_args=None, catkin_skip_building_tests=False, mixin_files=None, mixin=None, verb_parser=<colcon_mixin.mixin.mixin_argument.MixinArgumentDecorator object at 0x74dd8b3672b0>, verb_extension=<colcon_core.verb.build.BuildVerb object at 0x74dd8b366d70>, main=<bound method BuildVerb.main of <colcon_core.verb.build.BuildVerb object at 0x74dd8b366d70>>, mixin_verb=('build',))
[0.432s] Level 1:colcon.colcon_core.package_discovery:discover_packages(colcon_meta) check parameters
[0.432s] Level 1:colcon.colcon_core.package_discovery:discover_packages(recursive) check parameters
[0.433s] Level 1:colcon.colcon_core.package_discovery:discover_packages(ignore) check parameters
[0.433s] Level 1:colcon.colcon_core.package_discovery:discover_packages(path) check parameters
[0.433s] Level 1:colcon.colcon_core.package_discovery:discover_packages(colcon_meta) discover
[0.433s] Level 1:colcon.colcon_core.package_discovery:discover_packages(recursive) discover
[0.433s] INFO:colcon.colcon_core.package_discovery:Crawling recursively for packages in '/home/kaushik/Ackerman_robot'
[0.433s] Level 1:colcon.colcon_core.package_identification:_identify(.) by extensions ['ignore', 'ignore_ament_install']
[0.433s] Level 1:colcon.colcon_core.package_identification:_identify(.) by extension 'ignore'
[0.433s] Level 1:colcon.colcon_core.package_identification:_identify(.) by extension 'ignore_ament_install'
[0.433s] Level 1:colcon.colcon_core.package_identification:_identify(.) by extensions ['colcon_pkg']
[0.433s] Level 1:colcon.colcon_core.package_identification:_identify(.) by extension 'colcon_pkg'
[0.433s] Level 1:colcon.colcon_core.package_identification:_identify(.) by extensions ['colcon_meta']
[0.433s] Level 1:colcon.colcon_core.package_identification:_identify(.) by extension 'colcon_meta'
[0.433s] Level 1:colcon.colcon_core.package_identification:_identify(.) by extensions ['ros']
[0.433s] Level 1:colcon.colcon_core.package_identification:_identify(.) by extension 'ros'
[0.449s] Level 1:colcon.colcon_core.package_identification:_identify(.) by extensions ['cmake', 'python']
[0.449s] Level 1:colcon.colcon_core.package_identification:_identify(.) by extension 'cmake'
[0.449s] Level 1:colcon.colcon_core.package_identification:_identify(.) by extension 'python'
[0.449s] Level 1:colcon.colcon_core.package_identification:_identify(.) by extensions ['python_setup_py']
[0.449s] Level 1:colcon.colcon_core.package_identification:_identify(.) by extension 'python_setup_py'
[0.450s] Level 1:colcon.colcon_core.package_identification:_identify(build) by extensions ['ignore', 'ignore_ament_install']
[0.450s] Level 1:colcon.colcon_core.package_identification:_identify(build) by extension 'ignore'
[0.450s] Level 1:colcon.colcon_core.package_identification:_identify(build) ignored
[0.450s] Level 1:colcon.colcon_core.package_identification:_identify(install) by extensions ['ignore', 'ignore_ament_install']
[0.450s] Level 1:colcon.colcon_core.package_identification:_identify(install) by extension 'ignore'
[0.450s] Level 1:colcon.colcon_core.package_identification:_identify(install) ignored
[0.450s] Level 1:colcon.colcon_core.package_identification:_identify(log) by extensions ['ignore', 'ignore_ament_install']
[0.450s] Level 1:colcon.colcon_core.package_identification:_identify(log) by extension 'ignore'
[0.450s] Level 1:colcon.colcon_core.package_identification:_identify(log) ignored
[0.450s] Level 1:colcon.colcon_core.package_identification:_identify(src) by extensions ['ignore', 'ignore_ament_install']
[0.450s] Level 1:colcon.colcon_core.package_identification:_identify(src) by extension 'ignore'
[0.450s] Level 1:colcon.colcon_core.package_identification:_identify(src) by extension 'ignore_ament_install'
[0.451s] Level 1:colcon.colcon_core.package_identification:_identify(src) by extensions ['colcon_pkg']
[0.451s] Level 1:colcon.colcon_core.package_identification:_identify(src) by extension 'colcon_pkg'
[0.451s] Level 1:colcon.colcon_core.package_identification:_identify(src) by extensions ['colcon_meta']
[0.451s] Level 1:colcon.colcon_core.package_identification:_identify(src) by extension 'colcon_meta'
[0.451s] Level 1:colcon.colcon_core.package_identification:_identify(src) by extensions ['ros']
[0.451s] Level 1:colcon.colcon_core.package_identification:_identify(src) by extension 'ros'
[0.451s] Level 1:colcon.colcon_core.package_identification:_identify(src) by extensions ['cmake', 'python']
[0.451s] Level 1:colcon.colcon_core.package_identification:_identify(src) by extension 'cmake'
[0.451s] Level 1:colcon.colcon_core.package_identification:_identify(src) by extension 'python'
[0.451s] Level 1:colcon.colcon_core.package_identification:_identify(src) by extensions ['python_setup_py']
[0.451s] Level 1:colcon.colcon_core.package_identification:_identify(src) by extension 'python_setup_py'
[0.451s] Level 1:colcon.colcon_core.package_identification:_identify(src/my_robot_bringup) by extensions ['ignore', 'ignore_ament_install']
[0.451s] Level 1:colcon.colcon_core.package_identification:_identify(src/my_robot_bringup) by extension 'ignore'
[0.451s] Level 1:colcon.colcon_core.package_identification:_identify(src/my_robot_bringup) by extension 'ignore_ament_install'
[0.451s] Level 1:colcon.colcon_core.package_identification:_identify(src/my_robot_bringup) by extensions ['colcon_pkg']
[0.451s] Level 1:colcon.colcon_core.package_identification:_identify(src/my_robot_bringup) by extension 'colcon_pkg'
[0.452s] Level 1:colcon.colcon_core.package_identification:_identify(src/my_robot_bringup) by extensions ['colcon_meta']
[0.452s] Level 1:colcon.colcon_core.package_identification:_identify(src/my_robot_bringup) by extension 'colcon_meta'
[0.452s] Level 1:colcon.colcon_core.package_identification:_identify(src/my_robot_bringup) by extensions ['ros']
[0.452s] Level 1:colcon.colcon_core.package_identification:_identify(src/my_robot_bringup) by extension 'ros'
[0.476s] DEBUG:colcon.colcon_core.package_identification:Package 'src/my_robot_bringup' with type 'ros.ament_cmake' and name 'my_robot_bringup'
[0.477s] Level 1:colcon.colcon_core.package_identification:_identify(src/my_robot_description) by extensions ['ignore', 'ignore_ament_install']
[0.477s] Level 1:colcon.colcon_core.package_identification:_identify(src/my_robot_description) by extension 'ignore'
[0.477s] Level 1:colcon.colcon_core.package_identification:_identify(src/my_robot_description) by extension 'ignore_ament_install'
[0.477s] Level 1:colcon.colcon_core.package_identification:_identify(src/my_robot_description) by extensions ['colcon_pkg']
[0.477s] Level 1:colcon.colcon_core.package_identification:_identify(src/my_robot_description) by extension 'colcon_pkg'
[0.477s] Level 1:colcon.colcon_core.package_identification:_identify(src/my_robot_description) by extensions ['colcon_meta']
[0.477s] Level 1:colcon.colcon_core.package_identification:_identify(src/my_robot_description) by extension 'colcon_meta'
[0.477s] Level 1:colcon.colcon_core.package_identification:_identify(src/my_robot_description) by extensions ['ros']
[0.477s] Level 1:colcon.colcon_core.package_identification:_identify(src/my_robot_description) by extension 'ros'
[0.478s] DEBUG:colcon.colcon_core.package_identification:Package 'src/my_robot_description' with type 'ros.ament_cmake' and name 'my_robot_description'
[0.478s] Level 1:colcon.colcon_core.package_identification:_identify(src/vision_node) by extensions ['ignore', 'ignore_ament_install']
[0.478s] Level 1:colcon.colcon_core.package_identification:_identify(src/vision_node) by extension 'ignore'
[0.479s] Level 1:colcon.colcon_core.package_identification:_identify(src/vision_node) by extension 'ignore_ament_install'
[0.479s] Level 1:colcon.colcon_core.package_identification:_identify(src/vision_node) by extensions ['colcon_pkg']
[0.479s] Level 1:colcon.colcon_core.package_identification:_identify(src/vision_node) by extension 'colcon_pkg'
[0.479s] Level 1:colcon.colcon_core.package_identification:_identify(src/vision_node) by extensions ['colcon_meta']
[0.479s] Level 1:colcon.colcon_core.package_identification:_identify(src/vision_node) by extension 'colcon_meta'
[0.479s] Level 1:colcon.colcon_core.package_identification:_identify(src/vision_node) by extensions ['ros']
[0.479s] Level 1:colcon.colcon_core.package_identification:_identify(src/vision_node) by extension 'ros'
[0.480s] DEBUG:colcon.colcon_core.package_identification:Package 'src/vision_node' with type 'ros.ament_python' and name 'vision_node'
[0.480s] Level 1:colcon.colcon_core.package_discovery:discover_packages(recursive) using defaults
[0.480s] Level 1:colcon.colcon_core.package_discovery:discover_packages(ignore) discover
[0.480s] Level 1:colcon.colcon_core.package_discovery:discover_packages(ignore) using defaults
[0.480s] Level 1:colcon.colcon_core.package_discovery:discover_packages(path) discover
[0.480s] Level 1:colcon.colcon_core.package_discovery:discover_packages(path) using defaults
[0.509s] Level 1:colcon.colcon_core.package_discovery:discover_packages(prefix_path) check parameters
[0.509s] Level 1:colcon.colcon_core.package_discovery:discover_packages(prefix_path) discover
[0.512s] DEBUG:colcon.colcon_installed_package_information.package_discovery:Found 4 installed packages in /home/kaushik/Ackerman_robot/install
[0.516s] DEBUG:colcon.colcon_installed_package_information.package_discovery:Found 529 installed packages in /opt/ros/humble
[0.519s] Level 1:colcon.colcon_core.package_discovery:discover_packages(prefix_path) using defaults
[0.608s] Level 5:colcon.colcon_core.verb:set package 'my_robot_bringup' build argument 'cmake_args' from command line to 'None'
[0.608s] Level 5:colcon.colcon_core.verb:set package 'my_robot_bringup' build argument 'cmake_target' from command line to 'None'
[0.608s] Level 5:colcon.colcon_core.verb:set package 'my_robot_bringup' build argument 'cmake_target_skip_unavailable' from command line to 'False'
[0.608s] Level 5:colcon.colcon_core.verb:set package 'my_robot_bringup' build argument 'cmake_clean_cache' from command line to 'False'
[0.608s] Level 5:colcon.colcon_core.verb:set package 'my_robot_bringup' build argument 'cmake_clean_first' from command line to 'False'
[0.608s] Level 5:colcon.colcon_core.verb:set package 'my_robot_bringup' build argument 'cmake_force_configure' from command line to 'False'
[0.608s] Level 5:colcon.colcon_core.verb:set package 'my_robot_bringup' build argument 'ament_cmake_args' from command line to 'None'
[0.608s] Level 5:colcon.colcon_core.verb:set package 'my_robot_bringup' build argument 'catkin_cmake_args' from command line to 'None'
[0.608s] Level 5:colcon.colcon_core.verb:set package 'my_robot_bringup' build argument 'catkin_skip_building_tests' from command line to 'False'
[0.608s] DEBUG:colcon.colcon_core.verb:Building package 'my_robot_bringup' with the following arguments: {'ament_cmake_args': None, 'build_base': '/home/kaushik/Ackerman_robot/build/my_robot_bringup', 'catkin_cmake_args': None, 'catkin_skip_building_tests': False, 'cmake_args': None, 'cmake_clean_cache': False, 'cmake_clean_first': False, 'cmake_force_configure': False, 'cmake_target': None, 'cmake_target_skip_unavailable': False, 'install_base': '/home/kaushik/Ackerman_robot/install/my_robot_bringup', 'merge_install': False, 'path': '/home/kaushik/Ackerman_robot/src/my_robot_bringup', 'symlink_install': False, 'test_result_base': None}
[0.609s] Level 5:colcon.colcon_core.verb:set package 'my_robot_description' build argument 'cmake_args' from command line to 'None'
[0.609s] Level 5:colcon.colcon_core.verb:set package 'my_robot_description' build argument 'cmake_target' from command line to 'None'
[0.609s] Level 5:colcon.colcon_core.verb:set package 'my_robot_description' build argument 'cmake_target_skip_unavailable' from command line to 'False'
[0.609s] Level 5:colcon.colcon_core.verb:set package 'my_robot_description' build argument 'cmake_clean_cache' from command line to 'False'
[0.609s] Level 5:colcon.colcon_core.verb:set package 'my_robot_description' build argument 'cmake_clean_first' from command line to 'False'
[0.609s] Level 5:colcon.colcon_core.verb:set package 'my_robot_description' build argument 'cmake_force_configure' from command line to 'False'
[0.609s] Level 5:colcon.colcon_core.verb:set package 'my_robot_description' build argument 'ament_cmake_args' from command line to 'None'
[0.609s] Level 5:colcon.colcon_core.verb:set package 'my_robot_description' build argument 'catkin_cmake_args' from command line to 'None'
[0.609s] Level 5:colcon.colcon_core.verb:set package 'my_robot_description' build argument 'catkin_skip_building_tests' from command line to 'False'
[0.609s] DEBUG:colcon.colcon_core.verb:Building package 'my_robot_description' with the following arguments: {'ament_cmake_args': None, 'build_base': '/home/kaushik/Ackerman_robot/build/my_robot_description', 'catkin_cmake_args': None, 'catkin_skip_building_tests': False, 'cmake_args': None, 'cmake_clean_cache': False, 'cmake_clean_first': False, 'cmake_force_configure': False, 'cmake_target': None, 'cmake_target_skip_unavailable': False, 'install_base': '/home/kaushik/Ackerman_robot/install/my_robot_description', 'merge_install': False, 'path': '/home/kaushik/Ackerman_robot/src/my_robot_description', 'symlink_install': False, 'test_result_base': None}
[0.609s] Level 5:colcon.colcon_core.verb:set package 'vision_node' build argument 'cmake_args' from command line to 'None'
[0.609s] Level 5:colcon.colcon_core.verb:set package 'vision_node' build argument 'cmake_target' from command line to 'None'
[0.609s] Level 5:colcon.colcon_core.verb:set package 'vision_node' build argument 'cmake_target_skip_unavailable' from command line to 'False'
[0.609s] Level 5:colcon.colcon_core.verb:set package 'vision_node' build argument 'cmake_clean_cache' from command line to 'False'
[0.609s] Level 5:colcon.colcon_core.verb:set package 'vision_node' build argument 'cmake_clean_first' from command line to 'False'
[0.610s] Level 5:colcon.colcon_core.verb:set package 'vision_node' build argument 'cmake_force_configure' from command line to 'False'
[0.610s] Level 5:colcon.colcon_core.verb:set package 'vision_node' build argument 'ament_cmake_args' from command line to 'None'
[0.610s] Level 5:colcon.colcon_core.verb:set package 'vision_node' build argument 'catkin_cmake_args' from command line to 'None'
[0.610s] Level 5:colcon.colcon_core.verb:set package 'vision_node' build argument 'catkin_skip_building_tests' from command line to 'False'
[0.610s] DEBUG:colcon.colcon_core.verb:Building package 'vision_node' with the following arguments: {'ament_cmake_args': None, 'build_base': '/home/kaushik/Ackerman_robot/build/vision_node', 'catkin_cmake_args': None, 'catkin_skip_building_tests': False, 'cmake_args': None, 'cmake_clean_cache': False, 'cmake_clean_first': False, 'cmake_force_configure': False, 'cmake_target': None, 'cmake_target_skip_unavailable': False, 'install_base': '/home/kaushik/Ackerman_robot/install/vision_node', 'merge_install': False, 'path': '/home/kaushik/Ackerman_robot/src/vision_node', 'symlink_install': False, 'test_result_base': None}
[0.610s] INFO:colcon.colcon_core.executor:Executing jobs using 'parallel' executor
[0.611s] DEBUG:colcon.colcon_parallel_executor.executor.parallel:run_until_complete
[0.612s] INFO:colcon.colcon_ros.task.ament_cmake.build:Building ROS package in '/home/kaushik/Ackerman_robot/src/my_robot_bringup' with build type 'ament_cmake'
[0.612s] INFO:colcon.colcon_cmake.task.cmake.build:Building CMake package in '/home/kaushik/Ackerman_robot/src/my_robot_bringup'
[0.617s] INFO:colcon.colcon_core.plugin_system:Skipping extension 'colcon_core.shell.bat': Not used on non-Windows systems
[0.617s] INFO:colcon.colcon_core.shell:Skip shell extension 'powershell' for command environment: Not usable outside of PowerShell
[0.617s] DEBUG:colcon.colcon_core.shell:Skip shell extension 'dsv' for command environment
[0.627s] INFO:colcon.colcon_ros.task.ament_cmake.build:Building ROS package in '/home/kaushik/Ackerman_robot/src/my_robot_description' with build type 'ament_cmake'
[0.627s] INFO:colcon.colcon_cmake.task.cmake.build:Building CMake package in '/home/kaushik/Ackerman_robot/src/my_robot_description'
[0.628s] INFO:colcon.colcon_core.shell:Skip shell extension 'powershell' for command environment: Not usable outside of PowerShell
[0.628s] DEBUG:colcon.colcon_core.shell:Skip shell extension 'dsv' for command environment
[0.634s] INFO:colcon.colcon_ros.task.ament_python.build:Building ROS package in '/home/kaushik/Ackerman_robot/src/vision_node' with build type 'ament_python'
[0.634s] Level 1:colcon.colcon_core.shell:create_environment_hook('vision_node', 'ament_prefix_path')
[0.635s] INFO:colcon.colcon_core.shell:Creating environment hook '/home/kaushik/Ackerman_robot/install/vision_node/share/vision_node/hook/ament_prefix_path.ps1'
[0.636s] INFO:colcon.colcon_core.shell:Creating environment descriptor '/home/kaushik/Ackerman_robot/install/vision_node/share/vision_node/hook/ament_prefix_path.dsv'
[0.637s] INFO:colcon.colcon_core.shell:Creating environment hook '/home/kaushik/Ackerman_robot/install/vision_node/share/vision_node/hook/ament_prefix_path.sh'
[0.638s] INFO:colcon.colcon_core.shell:Skip shell extension 'powershell' for command environment: Not usable outside of PowerShell
[0.638s] DEBUG:colcon.colcon_core.shell:Skip shell extension 'dsv' for command environment
[0.649s] DEBUG:colcon.colcon_core.event_handler.log_command:Invoking command in '/home/kaushik/Ackerman_robot/build/my_robot_bringup': CMAKE_PREFIX_PATH=${CMAKE_PREFIX_PATH}:/home/kaushik/Ackerman_robot/install/vision_node:/opt/ros/humble /usr/bin/cmake /home/kaushik/Ackerman_robot/src/my_robot_bringup -DCMAKE_INSTALL_PREFIX=/home/kaushik/Ackerman_robot/install/my_robot_bringup
[0.656s] DEBUG:colcon.colcon_core.event_handler.log_command:Invoking command in '/home/kaushik/Ackerman_robot/build/my_robot_description': CMAKE_PREFIX_PATH=${CMAKE_PREFIX_PATH}:/home/kaushik/Ackerman_robot/install/vision_node:/opt/ros/humble /usr/bin/cmake /home/kaushik/Ackerman_robot/src/my_robot_description -DCMAKE_INSTALL_PREFIX=/home/kaushik/Ackerman_robot/install/my_robot_description
[1.080s] INFO:colcon.colcon_core.task.python.build:Building Python package in '/home/kaushik/Ackerman_robot/src/vision_node'
[1.080s] INFO:colcon.colcon_core.shell:Skip shell extension 'powershell' for command environment: Not usable outside of PowerShell
[1.081s] DEBUG:colcon.colcon_core.shell:Skip shell extension 'dsv' for command environment
[1.789s] DEBUG:colcon.colcon_core.event_handler.log_command:Invoked command in '/home/kaushik/Ackerman_robot/build/my_robot_description' returned '0': CMAKE_PREFIX_PATH=${CMAKE_PREFIX_PATH}:/home/kaushik/Ackerman_robot/install/vision_node:/opt/ros/humble /usr/bin/cmake /home/kaushik/Ackerman_robot/src/my_robot_description -DCMAKE_INSTALL_PREFIX=/home/kaushik/Ackerman_robot/install/my_robot_description
[1.791s] DEBUG:colcon.colcon_core.event_handler.log_command:Invoking command in '/home/kaushik/Ackerman_robot/build/my_robot_description': CMAKE_PREFIX_PATH=${CMAKE_PREFIX_PATH}:/home/kaushik/Ackerman_robot/install/vision_node:/opt/ros/humble /usr/bin/cmake --build /home/kaushik/Ackerman_robot/build/my_robot_description -- -j12 -l12
[1.794s] DEBUG:colcon.colcon_core.event_handler.log_command:Invoked command in '/home/kaushik/Ackerman_robot/build/my_robot_bringup' returned '0': CMAKE_PREFIX_PATH=${CMAKE_PREFIX_PATH}:/home/kaushik/Ackerman_robot/install/vision_node:/opt/ros/humble /usr/bin/cmake /home/kaushik/Ackerman_robot/src/my_robot_bringup -DCMAKE_INSTALL_PREFIX=/home/kaushik/Ackerman_robot/install/my_robot_bringup
[1.796s] DEBUG:colcon.colcon_core.event_handler.log_command:Invoking command in '/home/kaushik/Ackerman_robot/build/my_robot_bringup': CMAKE_PREFIX_PATH=${CMAKE_PREFIX_PATH}:/home/kaushik/Ackerman_robot/install/vision_node:/opt/ros/humble /usr/bin/cmake --build /home/kaushik/Ackerman_robot/build/my_robot_bringup -- -j12 -l12
[1.857s] DEBUG:colcon.colcon_core.event_handler.log_command:Invoking command in '/home/kaushik/Ackerman_robot/src/vision_node': PYTHONPATH=/home/kaushik/Ackerman_robot/build/vision_node/prefix_override:/usr/lib/python3/dist-packages/colcon_core/task/python/colcon_distutils_commands:/home/kaushik/Ackerman_robot/install/vision_node/lib/python3.10/site-packages:${PYTHONPATH} /usr/bin/python3 -W ignore:setup.py install is deprecated -W ignore:easy_install command is deprecated setup.py egg_info --egg-base ../../build/vision_node build --build-base /home/kaushik/Ackerman_robot/build/vision_node/build install --record /home/kaushik/Ackerman_robot/build/vision_node/install.log --single-version-externally-managed install_data
[1.871s] DEBUG:colcon.colcon_core.event_handler.log_command:Invoked command in '/home/kaushik/Ackerman_robot/build/my_robot_description' returned '0': CMAKE_PREFIX_PATH=${CMAKE_PREFIX_PATH}:/home/kaushik/Ackerman_robot/install/vision_node:/opt/ros/humble /usr/bin/cmake --build /home/kaushik/Ackerman_robot/build/my_robot_description -- -j12 -l12
[1.888s] DEBUG:colcon.colcon_core.event_handler.log_command:Invoking command in '/home/kaushik/Ackerman_robot/build/my_robot_description': CMAKE_PREFIX_PATH=${CMAKE_PREFIX_PATH}:/home/kaushik/Ackerman_robot/install/vision_node:/opt/ros/humble /usr/bin/cmake --install /home/kaushik/Ackerman_robot/build/my_robot_description
[1.893s] DEBUG:colcon.colcon_core.event_handler.log_command:Invoked command in '/home/kaushik/Ackerman_robot/build/my_robot_bringup' returned '0': CMAKE_PREFIX_PATH=${CMAKE_PREFIX_PATH}:/home/kaushik/Ackerman_robot/install/vision_node:/opt/ros/humble /usr/bin/cmake --build /home/kaushik/Ackerman_robot/build/my_robot_bringup -- -j12 -l12
[1.895s] DEBUG:colcon.colcon_core.event_handler.log_command:Invoking command in '/home/kaushik/Ackerman_robot/build/my_robot_bringup': CMAKE_PREFIX_PATH=${CMAKE_PREFIX_PATH}:/home/kaushik/Ackerman_robot/install/vision_node:/opt/ros/humble /usr/bin/cmake --install /home/kaushik/Ackerman_robot/build/my_robot_bringup
[1.912s] Level 1:colcon.colcon_core.environment:create_environment_scripts_only(my_robot_description)
[1.912s] DEBUG:colcon.colcon_core.event_handler.log_command:Invoked command in '/home/kaushik/Ackerman_robot/build/my_robot_description' returned '0': CMAKE_PREFIX_PATH=${CMAKE_PREFIX_PATH}:/home/kaushik/Ackerman_robot/install/vision_node:/opt/ros/humble /usr/bin/cmake --install /home/kaushik/Ackerman_robot/build/my_robot_description
[1.917s] Level 1:colcon.colcon_core.environment:checking '/home/kaushik/Ackerman_robot/install/my_robot_description' for CMake module files
[1.918s] Level 1:colcon.colcon_core.environment:checking '/home/kaushik/Ackerman_robot/install/my_robot_description' for CMake config files
[1.918s] Level 1:colcon.colcon_core.shell:create_environment_hook('my_robot_description', 'cmake_prefix_path')
[1.919s] INFO:colcon.colcon_core.shell:Creating environment hook '/home/kaushik/Ackerman_robot/install/my_robot_description/share/my_robot_description/hook/cmake_prefix_path.ps1'
[1.919s] INFO:colcon.colcon_core.shell:Creating environment descriptor '/home/kaushik/Ackerman_robot/install/my_robot_description/share/my_robot_description/hook/cmake_prefix_path.dsv'
[1.920s] INFO:colcon.colcon_core.shell:Creating environment hook '/home/kaushik/Ackerman_robot/install/my_robot_description/share/my_robot_description/hook/cmake_prefix_path.sh'
[1.921s] Level 1:colcon.colcon_core.environment:checking '/home/kaushik/Ackerman_robot/install/my_robot_description/bin'
[1.921s] Level 1:colcon.colcon_core.environment:checking '/home/kaushik/Ackerman_robot/install/my_robot_description/lib/pkgconfig/my_robot_description.pc'
[1.921s] Level 1:colcon.colcon_core.environment:checking '/home/kaushik/Ackerman_robot/install/my_robot_description/lib/python3.10/site-packages'
[1.922s] Level 1:colcon.colcon_core.environment:checking '/home/kaushik/Ackerman_robot/install/my_robot_description/bin'
[1.922s] INFO:colcon.colcon_core.shell:Creating package script '/home/kaushik/Ackerman_robot/install/my_robot_description/share/my_robot_description/package.ps1'
[1.923s] INFO:colcon.colcon_core.shell:Creating package descriptor '/home/kaushik/Ackerman_robot/install/my_robot_description/share/my_robot_description/package.dsv'
[1.924s] INFO:colcon.colcon_core.shell:Creating package script '/home/kaushik/Ackerman_robot/install/my_robot_description/share/my_robot_description/package.sh'
[1.925s] INFO:colcon.colcon_core.shell:Creating package script '/home/kaushik/Ackerman_robot/install/my_robot_description/share/my_robot_description/package.bash'
[1.926s] INFO:colcon.colcon_core.shell:Creating package script '/home/kaushik/Ackerman_robot/install/my_robot_description/share/my_robot_description/package.zsh'
[1.927s] Level 1:colcon.colcon_core.environment:create_file_with_runtime_dependencies(/home/kaushik/Ackerman_robot/install/my_robot_description/share/colcon-core/packages/my_robot_description)
[1.928s] Level 1:colcon.colcon_core.environment:create_environment_scripts_only(my_robot_description)
[1.929s] Level 1:colcon.colcon_core.environment:checking '/home/kaushik/Ackerman_robot/install/my_robot_description' for CMake module files
[1.929s] Level 1:colcon.colcon_core.environment:checking '/home/kaushik/Ackerman_robot/install/my_robot_description' for CMake config files
[1.930s] Level 1:colcon.colcon_core.shell:create_environment_hook('my_robot_description', 'cmake_prefix_path')
[1.930s] INFO:colcon.colcon_core.shell:Creating environment hook '/home/kaushik/Ackerman_robot/install/my_robot_description/share/my_robot_description/hook/cmake_prefix_path.ps1'
[1.931s] INFO:colcon.colcon_core.shell:Creating environment descriptor '/home/kaushik/Ackerman_robot/install/my_robot_description/share/my_robot_description/hook/cmake_prefix_path.dsv'
[1.932s] INFO:colcon.colcon_core.shell:Creating environment hook '/home/kaushik/Ackerman_robot/install/my_robot_description/share/my_robot_description/hook/cmake_prefix_path.sh'
[1.933s] Level 1:colcon.colcon_core.environment:checking '/home/kaushik/Ackerman_robot/install/my_robot_description/bin'
[1.933s] Level 1:colcon.colcon_core.environment:checking '/home/kaushik/Ackerman_robot/install/my_robot_description/lib/pkgconfig/my_robot_description.pc'
[1.933s] Level 1:colcon.colcon_core.environment:checking '/home/kaushik/Ackerman_robot/install/my_robot_description/lib/python3.10/site-packages'
[1.934s] Level 1:colcon.colcon_core.environment:checking '/home/kaushik/Ackerman_robot/install/my_robot_description/bin'
[1.934s] INFO:colcon.colcon_core.shell:Creating package script '/home/kaushik/Ackerman_robot/install/my_robot_description/share/my_robot_description/package.ps1'
[1.935s] INFO:colcon.colcon_core.shell:Creating package descriptor '/home/kaushik/Ackerman_robot/install/my_robot_description/share/my_robot_description/package.dsv'
[1.936s] INFO:colcon.colcon_core.shell:Creating package script '/home/kaushik/Ackerman_robot/install/my_robot_description/share/my_robot_description/package.sh'
[1.937s] INFO:colcon.colcon_core.shell:Creating package script '/home/kaushik/Ackerman_robot/install/my_robot_description/share/my_robot_description/package.bash'
[1.937s] INFO:colcon.colcon_core.shell:Creating package script '/home/kaushik/Ackerman_robot/install/my_robot_description/share/my_robot_description/package.zsh'
[1.938s] Level 1:colcon.colcon_core.environment:create_file_with_runtime_dependencies(/home/kaushik/Ackerman_robot/install/my_robot_description/share/colcon-core/packages/my_robot_description)
[1.940s] Level 1:colcon.colcon_core.environment:create_environment_scripts_only(my_robot_bringup)
[1.941s] Level 1:colcon.colcon_core.environment:checking '/home/kaushik/Ackerman_robot/install/my_robot_bringup' for CMake module files
[1.942s] DEBUG:colcon.colcon_core.event_handler.log_command:Invoked command in '/home/kaushik/Ackerman_robot/build/my_robot_bringup' returned '0': CMAKE_PREFIX_PATH=${CMAKE_PREFIX_PATH}:/home/kaushik/Ackerman_robot/install/vision_node:/opt/ros/humble /usr/bin/cmake --install /home/kaushik/Ackerman_robot/build/my_robot_bringup
[1.942s] Level 1:colcon.colcon_core.environment:checking '/home/kaushik/Ackerman_robot/install/my_robot_bringup' for CMake config files
[1.942s] Level 1:colcon.colcon_core.shell:create_environment_hook('my_robot_bringup', 'cmake_prefix_path')
[1.943s] INFO:colcon.colcon_core.shell:Creating environment hook '/home/kaushik/Ackerman_robot/install/my_robot_bringup/share/my_robot_bringup/hook/cmake_prefix_path.ps1'
[1.944s] INFO:colcon.colcon_core.shell:Creating environment descriptor '/home/kaushik/Ackerman_robot/install/my_robot_bringup/share/my_robot_bringup/hook/cmake_prefix_path.dsv'
[1.945s] INFO:colcon.colcon_core.shell:Creating environment hook '/home/kaushik/Ackerman_robot/install/my_robot_bringup/share/my_robot_bringup/hook/cmake_prefix_path.sh'
[1.946s] Level 1:colcon.colcon_core.environment:checking '/home/kaushik/Ackerman_robot/install/my_robot_bringup/bin'
[1.946s] Level 1:colcon.colcon_core.environment:checking '/home/kaushik/Ackerman_robot/install/my_robot_bringup/lib/pkgconfig/my_robot_bringup.pc'
[1.946s] Level 1:colcon.colcon_core.environment:checking '/home/kaushik/Ackerman_robot/install/my_robot_bringup/lib/python3.10/site-packages'
[1.946s] Level 1:colcon.colcon_core.environment:checking '/home/kaushik/Ackerman_robot/install/my_robot_bringup/bin'
[1.947s] INFO:colcon.colcon_core.shell:Creating package script '/home/kaushik/Ackerman_robot/install/my_robot_bringup/share/my_robot_bringup/package.ps1'
[1.948s] INFO:colcon.colcon_core.shell:Creating package descriptor '/home/kaushik/Ackerman_robot/install/my_robot_bringup/share/my_robot_bringup/package.dsv'
[1.948s] INFO:colcon.colcon_core.shell:Creating package script '/home/kaushik/Ackerman_robot/install/my_robot_bringup/share/my_robot_bringup/package.sh'
[1.949s] INFO:colcon.colcon_core.shell:Creating package script '/home/kaushik/Ackerman_robot/install/my_robot_bringup/share/my_robot_bringup/package.bash'
[1.949s] INFO:colcon.colcon_core.shell:Creating package script '/home/kaushik/Ackerman_robot/install/my_robot_bringup/share/my_robot_bringup/package.zsh'
[1.950s] Level 1:colcon.colcon_core.environment:create_file_with_runtime_dependencies(/home/kaushik/Ackerman_robot/install/my_robot_bringup/share/colcon-core/packages/my_robot_bringup)
[1.951s] Level 1:colcon.colcon_core.environment:create_environment_scripts_only(my_robot_bringup)
[1.951s] Level 1:colcon.colcon_core.environment:checking '/home/kaushik/Ackerman_robot/install/my_robot_bringup' for CMake module files
[1.952s] Level 1:colcon.colcon_core.environment:checking '/home/kaushik/Ackerman_robot/install/my_robot_bringup' for CMake config files
[1.952s] Level 1:colcon.colcon_core.shell:create_environment_hook('my_robot_bringup', 'cmake_prefix_path')
[1.952s] INFO:colcon.colcon_core.shell:Creating environment hook '/home/kaushik/Ackerman_robot/install/my_robot_bringup/share/my_robot_bringup/hook/cmake_prefix_path.ps1'
[1.953s] INFO:colcon.colcon_core.shell:Creating environment descriptor '/home/kaushik/Ackerman_robot/install/my_robot_bringup/share/my_robot_bringup/hook/cmake_prefix_path.dsv'
[1.953s] INFO:colcon.colcon_core.shell:Creating environment hook '/home/kaushik/Ackerman_robot/install/my_robot_bringup/share/my_robot_bringup/hook/cmake_prefix_path.sh'
[1.954s] Level 1:colcon.colcon_core.environment:checking '/home/kaushik/Ackerman_robot/install/my_robot_bringup/bin'
[1.954s] Level 1:colcon.colcon_core.environment:checking '/home/kaushik/Ackerman_robot/install/my_robot_bringup/lib/pkgconfig/my_robot_bringup.pc'
[1.954s] Level 1:colcon.colcon_core.environment:checking '/home/kaushik/Ackerman_robot/install/my_robot_bringup/lib/python3.10/site-packages'
[1.955s] Level 1:colcon.colcon_core.environment:checking '/home/kaushik/Ackerman_robot/install/my_robot_bringup/bin'
[1.955s] INFO:colcon.colcon_core.shell:Creating package script '/home/kaushik/Ackerman_robot/install/my_robot_bringup/share/my_robot_bringup/package.ps1'
[1.956s] INFO:colcon.colcon_core.shell:Creating package descriptor '/home/kaushik/Ackerman_robot/install/my_robot_bringup/share/my_robot_bringup/package.dsv'
[1.956s] INFO:colcon.colcon_core.shell:Creating package script '/home/kaushik/Ackerman_robot/install/my_robot_bringup/share/my_robot_bringup/package.sh'
[1.957s] INFO:colcon.colcon_core.shell:Creating package script '/home/kaushik/Ackerman_robot/install/my_robot_bringup/share/my_robot_bringup/package.bash'
[1.958s] INFO:colcon.colcon_core.shell:Creating package script '/home/kaushik/Ackerman_robot/install/my_robot_bringup/share/my_robot_bringup/package.zsh'
[1.958s] Level 1:colcon.colcon_core.environment:create_file_with_runtime_dependencies(/home/kaushik/Ackerman_robot/install/my_robot_bringup/share/colcon-core/packages/my_robot_bringup)
[2.306s] Level 1:colcon.colcon_core.environment:checking '/home/kaushik/Ackerman_robot/install/vision_node' for CMake module files
[2.307s] DEBUG:colcon.colcon_core.event_handler.log_command:Invoked command in '/home/kaushik/Ackerman_robot/src/vision_node' returned '0': PYTHONPATH=/home/kaushik/Ackerman_robot/build/vision_node/prefix_override:/usr/lib/python3/dist-packages/colcon_core/task/python/colcon_distutils_commands:/home/kaushik/Ackerman_robot/install/vision_node/lib/python3.10/site-packages:${PYTHONPATH} /usr/bin/python3 -W ignore:setup.py install is deprecated -W ignore:easy_install command is deprecated setup.py egg_info --egg-base ../../build/vision_node build --build-base /home/kaushik/Ackerman_robot/build/vision_node/build install --record /home/kaushik/Ackerman_robot/build/vision_node/install.log --single-version-externally-managed install_data
[2.308s] Level 1:colcon.colcon_core.environment:checking '/home/kaushik/Ackerman_robot/install/vision_node' for CMake config files
[2.308s] Level 1:colcon.colcon_core.environment:checking '/home/kaushik/Ackerman_robot/install/vision_node/lib'
[2.309s] Level 1:colcon.colcon_core.environment:checking '/home/kaushik/Ackerman_robot/install/vision_node/bin'
[2.309s] Level 1:colcon.colcon_core.environment:checking '/home/kaushik/Ackerman_robot/install/vision_node/lib/pkgconfig/vision_node.pc'
[2.309s] Level 1:colcon.colcon_core.environment:checking '/home/kaushik/Ackerman_robot/install/vision_node/lib/python3.10/site-packages'
[2.309s] Level 1:colcon.colcon_core.shell:create_environment_hook('vision_node', 'pythonpath')
[2.309s] INFO:colcon.colcon_core.shell:Creating environment hook '/home/kaushik/Ackerman_robot/install/vision_node/share/vision_node/hook/pythonpath.ps1'
[2.310s] INFO:colcon.colcon_core.shell:Creating environment descriptor '/home/kaushik/Ackerman_robot/install/vision_node/share/vision_node/hook/pythonpath.dsv'
[2.311s] INFO:colcon.colcon_core.shell:Creating environment hook '/home/kaushik/Ackerman_robot/install/vision_node/share/vision_node/hook/pythonpath.sh'
[2.311s] Level 1:colcon.colcon_core.environment:checking '/home/kaushik/Ackerman_robot/install/vision_node/bin'
[2.312s] Level 1:colcon.colcon_core.environment:create_environment_scripts_only(vision_node)
[2.312s] INFO:colcon.colcon_core.shell:Creating package script '/home/kaushik/Ackerman_robot/install/vision_node/share/vision_node/package.ps1'
[2.313s] INFO:colcon.colcon_core.shell:Creating package descriptor '/home/kaushik/Ackerman_robot/install/vision_node/share/vision_node/package.dsv'
[2.314s] INFO:colcon.colcon_core.shell:Creating package script '/home/kaushik/Ackerman_robot/install/vision_node/share/vision_node/package.sh'
[2.315s] INFO:colcon.colcon_core.shell:Creating package script '/home/kaushik/Ackerman_robot/install/vision_node/share/vision_node/package.bash'
[2.316s] INFO:colcon.colcon_core.shell:Creating package script '/home/kaushik/Ackerman_robot/install/vision_node/share/vision_node/package.zsh'
[2.316s] Level 1:colcon.colcon_core.environment:create_file_with_runtime_dependencies(/home/kaushik/Ackerman_robot/install/vision_node/share/colcon-core/packages/vision_node)
[2.317s] DEBUG:colcon.colcon_parallel_executor.executor.parallel:closing loop
[2.317s] DEBUG:colcon.colcon_parallel_executor.executor.parallel:loop closed
[2.317s] DEBUG:colcon.colcon_parallel_executor.executor.parallel:run_until_complete finished with '0'
[2.317s] DEBUG:colcon.colcon_core.event_reactor:joining thread
[2.325s] INFO:colcon.colcon_core.plugin_system:Skipping extension 'colcon_notification.desktop_notification.terminal_notifier': Not used on non-Darwin systems
[2.325s] INFO:colcon.colcon_core.plugin_system:Skipping extension 'colcon_notification.desktop_notification.win32': Not used on non-Windows systems
[2.325s] INFO:colcon.colcon_notification.desktop_notification:Sending desktop notification using 'notify2'
[2.342s] DEBUG:colcon.colcon_core.event_reactor:joined thread
[2.343s] INFO:colcon.colcon_core.shell:Creating prefix script '/home/kaushik/Ackerman_robot/install/local_setup.ps1'
[2.344s] INFO:colcon.colcon_core.shell:Creating prefix util module '/home/kaushik/Ackerman_robot/install/_local_setup_util_ps1.py'
[2.346s] INFO:colcon.colcon_core.shell:Creating prefix chain script '/home/kaushik/Ackerman_robot/install/setup.ps1'
[2.348s] INFO:colcon.colcon_core.shell:Creating prefix script '/home/kaushik/Ackerman_robot/install/local_setup.sh'
[2.349s] INFO:colcon.colcon_core.shell:Creating prefix util module '/home/kaushik/Ackerman_robot/install/_local_setup_util_sh.py'
[2.350s] INFO:colcon.colcon_core.shell:Creating prefix chain script '/home/kaushik/Ackerman_robot/install/setup.sh'
[2.352s] INFO:colcon.colcon_core.shell:Creating prefix script '/home/kaushik/Ackerman_robot/install/local_setup.bash'
[2.353s] INFO:colcon.colcon_core.shell:Creating prefix chain script '/home/kaushik/Ackerman_robot/install/setup.bash'
[2.355s] INFO:colcon.colcon_core.shell:Creating prefix script '/home/kaushik/Ackerman_robot/install/local_setup.zsh'
[2.356s] INFO:colcon.colcon_core.shell:Creating prefix chain script '/home/kaushik/Ackerman_robot/install/setup.zsh'
