[0.036s] Invoking command in '/home/kaushik/Ackerman_robot/build/my_robot_bringup': CMAKE_PREFIX_PATH=${CMAKE_PREFIX_PATH}:/home/kaushik/Ackerman_robot/install/vision_node:/opt/ros/humble /usr/bin/cmake /home/kaushik/Ackerman_robot/src/my_robot_bringup -DCMAKE_INSTALL_PREFIX=/home/kaushik/Ackerman_robot/install/my_robot_bringup
[0.155s] -- The C compiler identification is GNU 11.4.0
[0.253s] -- The CXX compiler identification is GNU 11.4.0
[0.266s] -- Detecting C compiler ABI info
[0.372s] -- Detecting C compiler ABI info - done
[0.383s] -- Check for working C compiler: /usr/bin/cc - skipped
[0.384s] -- Detecting C compile features
[0.386s] -- Detecting C compile features - done
[0.391s] -- Detecting CXX compiler ABI info
[0.518s] -- Detecting CXX compiler ABI info - done
[0.530s] -- Check for working CXX compiler: /usr/bin/c++ - skipped
[0.531s] -- Detecting CXX compile features
[0.531s] -- Detecting CXX compile features - done
[0.541s] -- Found ament_cmake: 1.3.14 (/opt/ros/humble/share/ament_cmake/cmake)
[0.833s] -- Found Python3: /usr/bin/python3 (found version "3.10.12") found components: Interpreter 
[1.003s] -- Found ament_lint_auto: 0.12.15 (/opt/ros/humble/share/ament_lint_auto/cmake)
[1.149s] -- Added test 'flake8' to check Python code syntax and style conventions
[1.150s] -- Added test 'lint_cmake' to check CMake code style
[1.152s] -- Added test 'pep257' to check Python code against some of the docstring style conventions in PEP 257
[1.154s] -- Added test 'xmllint' to check XML markup files
[1.157s] -- Configuring done
[1.162s] -- Generating done
[1.167s] -- Build files have been written to: /home/kaushik/Ackerman_robot/build/my_robot_bringup
[1.181s] Invoked command in '/home/kaushik/Ackerman_robot/build/my_robot_bringup' returned '0': CMAKE_PREFIX_PATH=${CMAKE_PREFIX_PATH}:/home/kaushik/Ackerman_robot/install/vision_node:/opt/ros/humble /usr/bin/cmake /home/kaushik/Ackerman_robot/src/my_robot_bringup -DCMAKE_INSTALL_PREFIX=/home/kaushik/Ackerman_robot/install/my_robot_bringup
[1.183s] Invoking command in '/home/kaushik/Ackerman_robot/build/my_robot_bringup': CMAKE_PREFIX_PATH=${CMAKE_PREFIX_PATH}:/home/kaushik/Ackerman_robot/install/vision_node:/opt/ros/humble /usr/bin/cmake --build /home/kaushik/Ackerman_robot/build/my_robot_bringup -- -j12 -l12
[1.279s] Invoked command in '/home/kaushik/Ackerman_robot/build/my_robot_bringup' returned '0': CMAKE_PREFIX_PATH=${CMAKE_PREFIX_PATH}:/home/kaushik/Ackerman_robot/install/vision_node:/opt/ros/humble /usr/bin/cmake --build /home/kaushik/Ackerman_robot/build/my_robot_bringup -- -j12 -l12
[1.282s] Invoking command in '/home/kaushik/Ackerman_robot/build/my_robot_bringup': CMAKE_PREFIX_PATH=${CMAKE_PREFIX_PATH}:/home/kaushik/Ackerman_robot/install/vision_node:/opt/ros/humble /usr/bin/cmake --install /home/kaushik/Ackerman_robot/build/my_robot_bringup
[1.292s] -- Install configuration: ""
[1.292s] -- Up-to-date: /home/kaushik/Ackerman_robot/install/my_robot_bringup/share/my_robot_bringup//launch
[1.293s] -- Up-to-date: /home/kaushik/Ackerman_robot/install/my_robot_bringup/share/my_robot_bringup//launch/gazebo.launch.py
[1.293s] -- Up-to-date: /home/kaushik/Ackerman_robot/install/my_robot_bringup/share/my_robot_bringup//config
[1.293s] -- Up-to-date: /home/kaushik/Ackerman_robot/install/my_robot_bringup/share/my_robot_bringup//config/bridge.yaml
[1.293s] -- Up-to-date: /home/kaushik/Ackerman_robot/install/my_robot_bringup/share/my_robot_bringup//worlds
[1.293s] -- Up-to-date: /home/kaushik/Ackerman_robot/install/my_robot_bringup/share/my_robot_bringup//worlds/shapes.sdf
[1.293s] -- Installing: /home/kaushik/Ackerman_robot/install/my_robot_bringup/share/ament_index/resource_index/package_run_dependencies/my_robot_bringup
[1.294s] -- Installing: /home/kaushik/Ackerman_robot/install/my_robot_bringup/share/ament_index/resource_index/parent_prefix_path/my_robot_bringup
[1.294s] -- Installing: /home/kaushik/Ackerman_robot/install/my_robot_bringup/share/my_robot_bringup/environment/ament_prefix_path.dsv
[1.294s] -- Installing: /home/kaushik/Ackerman_robot/install/my_robot_bringup/share/my_robot_bringup/environment/path.dsv
[1.294s] -- Installing: /home/kaushik/Ackerman_robot/install/my_robot_bringup/share/my_robot_bringup/local_setup.bash
[1.294s] -- Installing: /home/kaushik/Ackerman_robot/install/my_robot_bringup/share/my_robot_bringup/local_setup.sh
[1.294s] -- Installing: /home/kaushik/Ackerman_robot/install/my_robot_bringup/share/my_robot_bringup/local_setup.zsh
[1.295s] -- Installing: /home/kaushik/Ackerman_robot/install/my_robot_bringup/share/my_robot_bringup/local_setup.dsv
[1.295s] -- Installing: /home/kaushik/Ackerman_robot/install/my_robot_bringup/share/my_robot_bringup/package.dsv
[1.296s] -- Installing: /home/kaushik/Ackerman_robot/install/my_robot_bringup/share/ament_index/resource_index/packages/my_robot_bringup
[1.296s] -- Installing: /home/kaushik/Ackerman_robot/install/my_robot_bringup/share/my_robot_bringup/cmake/my_robot_bringupConfig.cmake
[1.296s] -- Installing: /home/kaushik/Ackerman_robot/install/my_robot_bringup/share/my_robot_bringup/cmake/my_robot_bringupConfig-version.cmake
[1.296s] -- Up-to-date: /home/kaushik/Ackerman_robot/install/my_robot_bringup/share/my_robot_bringup/package.xml
[1.328s] Invoked command in '/home/kaushik/Ackerman_robot/build/my_robot_bringup' returned '0': CMAKE_PREFIX_PATH=${CMAKE_PREFIX_PATH}:/home/kaushik/Ackerman_robot/install/vision_node:/opt/ros/humble /usr/bin/cmake --install /home/kaushik/Ackerman_robot/build/my_robot_bringup
