[0.028s] Invoking command in '/home/kaushik/Ackerman_robot/build/my_robot_description': CMAKE_PREFIX_PATH=${CMAKE_PREFIX_PATH}:/home/kaushik/Ackerman_robot/install/vision_node:/opt/ros/humble /usr/bin/cmake --build /home/kaushik/Ackerman_robot/build/my_robot_description -- -j12 -l12
[0.417s] Invoked command in '/home/kaushik/Ackerman_robot/build/my_robot_description' returned '0': CMAKE_PREFIX_PATH=${CMAKE_PREFIX_PATH}:/home/kaushik/Ackerman_robot/install/vision_node:/opt/ros/humble /usr/bin/cmake --build /home/kaushik/Ackerman_robot/build/my_robot_description -- -j12 -l12
[0.419s] Invoking command in '/home/kaushik/Ackerman_robot/build/my_robot_description': CMAKE_PREFIX_PATH=${CMAKE_PREFIX_PATH}:/home/kaushik/Ackerman_robot/install/vision_node:/opt/ros/humble /usr/bin/cmake --install /home/kaushik/Ackerman_robot/build/my_robot_description
[0.434s] -- Install configuration: ""
[0.434s] -- Up-to-date: /home/kaushik/Ackerman_robot/install/my_robot_description/share/my_robot_description//urdf
[0.435s] -- Up-to-date: /home/kaushik/Ackerman_robot/install/my_robot_description/share/my_robot_description//urdf/ackermann_gazebo.xacro
[0.436s] -- Up-to-date: /home/kaushik/Ackerman_robot/install/my_robot_description/share/my_robot_description//urdf/common_properties.urdf.xacro 
[0.436s] -- Up-to-date: /home/kaushik/Ackerman_robot/install/my_robot_description/share/my_robot_description//urdf/ackermann_base.xacro
[0.436s] -- Installing: /home/kaushik/Ackerman_robot/install/my_robot_description/share/my_robot_description//urdf/my_robot.urdf.xacro
[0.436s] -- Up-to-date: /home/kaushik/Ackerman_robot/install/my_robot_description/share/my_robot_description//launch
[0.437s] -- Up-to-date: /home/kaushik/Ackerman_robot/install/my_robot_description/share/my_robot_description//launch/display.launch.xml
[0.437s] -- Up-to-date: /home/kaushik/Ackerman_robot/install/my_robot_description/share/ament_index/resource_index/package_run_dependencies/my_robot_description
[0.437s] -- Up-to-date: /home/kaushik/Ackerman_robot/install/my_robot_description/share/ament_index/resource_index/parent_prefix_path/my_robot_description
[0.437s] -- Up-to-date: /home/kaushik/Ackerman_robot/install/my_robot_description/share/my_robot_description/environment/ament_prefix_path.dsv
[0.437s] -- Up-to-date: /home/kaushik/Ackerman_robot/install/my_robot_description/share/my_robot_description/environment/path.dsv
[0.437s] -- Up-to-date: /home/kaushik/Ackerman_robot/install/my_robot_description/share/my_robot_description/local_setup.bash
[0.438s] -- Up-to-date: /home/kaushik/Ackerman_robot/install/my_robot_description/share/my_robot_description/local_setup.sh
[0.438s] -- Up-to-date: /home/kaushik/Ackerman_robot/install/my_robot_description/share/my_robot_description/local_setup.zsh
[0.439s] -- Up-to-date: /home/kaushik/Ackerman_robot/install/my_robot_description/share/my_robot_description/local_setup.dsv
[0.439s] -- Up-to-date: /home/kaushik/Ackerman_robot/install/my_robot_description/share/my_robot_description/package.dsv
[0.439s] -- Up-to-date: /home/kaushik/Ackerman_robot/install/my_robot_description/share/ament_index/resource_index/packages/my_robot_description
[0.439s] -- Up-to-date: /home/kaushik/Ackerman_robot/install/my_robot_description/share/my_robot_description/cmake/my_robot_descriptionConfig.cmake
[0.440s] -- Up-to-date: /home/kaushik/Ackerman_robot/install/my_robot_description/share/my_robot_description/cmake/my_robot_descriptionConfig-version.cmake
[0.440s] -- Up-to-date: /home/kaushik/Ackerman_robot/install/my_robot_description/share/my_robot_description/package.xml
[0.462s] Invoked command in '/home/kaushik/Ackerman_robot/build/my_robot_description' returned '0': CMAKE_PREFIX_PATH=${CMAKE_PREFIX_PATH}:/home/kaushik/Ackerman_robot/install/vision_node:/opt/ros/humble /usr/bin/cmake --install /home/kaushik/Ackerman_robot/build/my_robot_description
