[0.049s] Invoking command in '/home/kaushik/Ackerman_robot/build/my_robot_bringup': CMAKE_PREFIX_PATH=/opt/ros/humble /usr/bin/cmake --build /home/kaushik/Ackerman_robot/build/my_robot_bringup -- -j12 -l12
[0.627s] Invoked command in '/home/kaushik/Ackerman_robot/build/my_robot_bringup' returned '0': CMAKE_PREFIX_PATH=/opt/ros/humble /usr/bin/cmake --build /home/kaushik/Ackerman_robot/build/my_robot_bringup -- -j12 -l12
[0.658s] Invoking command in '/home/kaushik/Ackerman_robot/build/my_robot_bringup': CMAKE_PREFIX_PATH=/opt/ros/humble /usr/bin/cmake --install /home/kaushik/Ackerman_robot/build/my_robot_bringup
[0.679s] -- Install configuration: ""
[0.680s] -- Up-to-date: /home/kaushik/Ackerman_robot/install/my_robot_bringup/share/my_robot_bringup//launch
[0.680s] -- Installing: /home/kaushik/Ackerman_robot/install/my_robot_bringup/share/my_robot_bringup//launch/gazebo.launch.py
[0.680s] -- Up-to-date: /home/kaushik/Ackerman_robot/install/my_robot_bringup/share/my_robot_bringup//config
[0.680s] -- Up-to-date: /home/kaushik/Ackerman_robot/install/my_robot_bringup/share/my_robot_bringup//config/bridge.yaml
[0.680s] -- Up-to-date: /home/kaushik/Ackerman_robot/install/my_robot_bringup/share/my_robot_bringup//worlds
[0.680s] -- Up-to-date: /home/kaushik/Ackerman_robot/install/my_robot_bringup/share/my_robot_bringup//worlds/shapes.sdf
[0.681s] -- Up-to-date: /home/kaushik/Ackerman_robot/install/my_robot_bringup/share/ament_index/resource_index/package_run_dependencies/my_robot_bringup
[0.682s] -- Up-to-date: /home/kaushik/Ackerman_robot/install/my_robot_bringup/share/ament_index/resource_index/parent_prefix_path/my_robot_bringup
[0.684s] -- Up-to-date: /home/kaushik/Ackerman_robot/install/my_robot_bringup/share/my_robot_bringup/environment/ament_prefix_path.dsv
[0.684s] -- Up-to-date: /home/kaushik/Ackerman_robot/install/my_robot_bringup/share/my_robot_bringup/environment/path.dsv
[0.684s] -- Up-to-date: /home/kaushik/Ackerman_robot/install/my_robot_bringup/share/my_robot_bringup/local_setup.bash
[0.685s] -- Up-to-date: /home/kaushik/Ackerman_robot/install/my_robot_bringup/share/my_robot_bringup/local_setup.sh
[0.686s] -- Up-to-date: /home/kaushik/Ackerman_robot/install/my_robot_bringup/share/my_robot_bringup/local_setup.zsh
[0.688s] -- Up-to-date: /home/kaushik/Ackerman_robot/install/my_robot_bringup/share/my_robot_bringup/local_setup.dsv
[0.688s] -- Installing: /home/kaushik/Ackerman_robot/install/my_robot_bringup/share/my_robot_bringup/package.dsv
[0.688s] -- Up-to-date: /home/kaushik/Ackerman_robot/install/my_robot_bringup/share/ament_index/resource_index/packages/my_robot_bringup
[0.688s] -- Up-to-date: /home/kaushik/Ackerman_robot/install/my_robot_bringup/share/my_robot_bringup/cmake/my_robot_bringupConfig.cmake
[0.688s] -- Up-to-date: /home/kaushik/Ackerman_robot/install/my_robot_bringup/share/my_robot_bringup/cmake/my_robot_bringupConfig-version.cmake
[0.689s] -- Up-to-date: /home/kaushik/Ackerman_robot/install/my_robot_bringup/share/my_robot_bringup/package.xml
[0.692s] Invoked command in '/home/kaushik/Ackerman_robot/build/my_robot_bringup' returned '0': CMAKE_PREFIX_PATH=/opt/ros/humble /usr/bin/cmake --install /home/kaushik/Ackerman_robot/build/my_robot_bringup
