[0.052s] Invoking command in '/home/kaushik/Ackerman_robot/build/my_robot_bringup': CMAKE_PREFIX_PATH=/opt/ros/humble /usr/bin/cmake --build /home/kaushik/Ackerman_robot/build/my_robot_bringup -- -j12 -l12
[0.767s] Invoked command in '/home/kaushik/Ackerman_robot/build/my_robot_bringup' returned '0': CMAKE_PREFIX_PATH=/opt/ros/humble /usr/bin/cmake --build /home/kaushik/Ackerman_robot/build/my_robot_bringup -- -j12 -l12
[0.772s] Invoking command in '/home/kaushik/Ackerman_robot/build/my_robot_bringup': CMAKE_PREFIX_PATH=/opt/ros/humble /usr/bin/cmake --install /home/kaushik/Ackerman_robot/build/my_robot_bringup
[0.809s] -- Install configuration: ""
[0.810s] -- Up-to-date: /home/kaushik/Ackerman_robot/install/my_robot_bringup/share/my_robot_bringup//launch
[0.810s] -- Up-to-date: /home/kaushik/Ackerman_robot/install/my_robot_bringup/share/my_robot_bringup//launch/gazebo.launch.py
[0.811s] -- Up-to-date: /home/kaushik/Ackerman_robot/install/my_robot_bringup/share/my_robot_bringup//config
[0.811s] -- Up-to-date: /home/kaushik/Ackerman_robot/install/my_robot_bringup/share/my_robot_bringup//config/bridge.yaml
[0.811s] -- Up-to-date: /home/kaushik/Ackerman_robot/install/my_robot_bringup/share/my_robot_bringup//worlds
[0.811s] -- Up-to-date: /home/kaushik/Ackerman_robot/install/my_robot_bringup/share/my_robot_bringup//worlds/shapes.sdf
[0.811s] -- Up-to-date: /home/kaushik/Ackerman_robot/install/my_robot_bringup/share/ament_index/resource_index/package_run_dependencies/my_robot_bringup
[0.811s] -- Up-to-date: /home/kaushik/Ackerman_robot/install/my_robot_bringup/share/ament_index/resource_index/parent_prefix_path/my_robot_bringup
[0.811s] -- Up-to-date: /home/kaushik/Ackerman_robot/install/my_robot_bringup/share/my_robot_bringup/environment/ament_prefix_path.dsv
[0.812s] -- Up-to-date: /home/kaushik/Ackerman_robot/install/my_robot_bringup/share/my_robot_bringup/environment/path.dsv
[0.812s] -- Up-to-date: /home/kaushik/Ackerman_robot/install/my_robot_bringup/share/my_robot_bringup/local_setup.bash
[0.816s] -- Up-to-date: /home/kaushik/Ackerman_robot/install/my_robot_bringup/share/my_robot_bringup/local_setup.sh
[0.816s] -- Up-to-date: /home/kaushik/Ackerman_robot/install/my_robot_bringup/share/my_robot_bringup/local_setup.zsh
[0.817s] -- Up-to-date: /home/kaushik/Ackerman_robot/install/my_robot_bringup/share/my_robot_bringup/local_setup.dsv
[0.817s] -- Installing: /home/kaushik/Ackerman_robot/install/my_robot_bringup/share/my_robot_bringup/package.dsv
[0.817s] -- Up-to-date: /home/kaushik/Ackerman_robot/install/my_robot_bringup/share/ament_index/resource_index/packages/my_robot_bringup
[0.817s] -- Up-to-date: /home/kaushik/Ackerman_robot/install/my_robot_bringup/share/my_robot_bringup/cmake/my_robot_bringupConfig.cmake
[0.817s] -- Up-to-date: /home/kaushik/Ackerman_robot/install/my_robot_bringup/share/my_robot_bringup/cmake/my_robot_bringupConfig-version.cmake
[0.817s] -- Up-to-date: /home/kaushik/Ackerman_robot/install/my_robot_bringup/share/my_robot_bringup/package.xml
[0.850s] Invoked command in '/home/kaushik/Ackerman_robot/build/my_robot_bringup' returned '0': CMAKE_PREFIX_PATH=/opt/ros/humble /usr/bin/cmake --install /home/kaushik/Ackerman_robot/build/my_robot_bringup
